2018-10-19 13:33:29.441  INFO 32368 --- [main] c.c.caogen.money.MoneyApplicationTests   : Starting MoneyApplicationTests on LLH-USR with PID 32368 (started by llh in E:\pc\yanqingrepository\moneysystem)
2018-10-19 13:33:29.448  INFO 32368 --- [main] c.c.caogen.money.MoneyApplicationTests   : No active profile set, falling back to default profiles: default
2018-10-19 13:33:29.500  INFO 32368 --- [main] o.s.w.c.s.GenericWebApplicationContext   : Refreshing org.springframework.web.context.support.GenericWebApplicationContext@662706a7: startup date [Fri Oct 19 13:33:29 CST 2018]; root of context hierarchy
2018-10-19 13:33:30.356  INFO 32368 --- [main] .s.d.r.c.RepositoryConfigurationDelegate : Multiple Spring Data modules found, entering strict repository configuration mode!
2018-10-19 13:33:30.956  INFO 32368 --- [main] trationDelegate$BeanPostProcessorChecker : Bean 'org.springframework.transaction.annotation.ProxyTransactionManagementConfiguration' of type [org.springframework.transaction.annotation.ProxyTransactionManagementConfiguration$$EnhancerBySpringCGLIB$$e69418d7] is not eligible for getting processed by all BeanPostProcessors (for example: not eligible for auto-proxying)
2018-10-19 13:33:32.397  INFO 32368 --- [main] o.s.w.s.handler.SimpleUrlHandlerMapping  : Mapped URL path [/**/favicon.ico] onto handler of type [class org.springframework.web.servlet.resource.ResourceHttpRequestHandler]
2018-10-19 13:33:32.778  INFO 32368 --- [main] s.w.s.m.m.a.RequestMappingHandlerAdapter : Looking for @ControllerAdvice: org.springframework.web.context.support.GenericWebApplicationContext@662706a7: startup date [Fri Oct 19 13:33:29 CST 2018]; root of context hierarchy
2018-10-19 13:33:32.851  INFO 32368 --- [main] s.w.s.m.m.a.RequestMappingHandlerMapping : Mapped "{[/appliy/bind],methods=[GET]}" onto public java.lang.String cn.com.caogen.controller.AppliyController.bindAppliy(javax.servlet.http.HttpServletRequest)
2018-10-19 13:33:32.853  INFO 32368 --- [main] s.w.s.m.m.a.RequestMappingHandlerMapping : Mapped "{[/appliy/unbindAppliy],methods=[POST]}" onto public java.lang.String cn.com.caogen.controller.AppliyController.unbindAppliy(java.lang.String)
2018-10-19 13:33:32.854  INFO 32368 --- [main] s.w.s.m.m.a.RequestMappingHandlerMapping : Mapped "{[/appliy/querybyUserid],methods=[GET]}" onto public java.lang.String cn.com.caogen.controller.AppliyController.querybyUserid(javax.servlet.http.HttpServletRequest)
2018-10-19 13:33:32.855  INFO 32368 --- [main] s.w.s.m.m.a.RequestMappingHandlerMapping : Mapped "{[/appliy/scanlogin],methods=[GET]}" onto public java.lang.String cn.com.caogen.controller.AppliyController.scanLogin(javax.servlet.http.HttpServletRequest)
2018-10-19 13:33:32.856  INFO 32368 --- [main] s.w.s.m.m.a.RequestMappingHandlerMapping : Mapped "{[/appliy/scanAllow],methods=[GET]}" onto public java.lang.String cn.com.caogen.controller.AppliyController.scanAllow(javax.servlet.http.HttpServletRequest)
2018-10-19 13:33:32.857  INFO 32368 --- [main] s.w.s.m.m.a.RequestMappingHandlerMapping : Mapped "{[/bank/query],methods=[POST]}" onto public java.lang.String cn.com.caogen.controller.BankController.query(javax.servlet.http.HttpServletRequest)
2018-10-19 13:33:32.858  INFO 32368 --- [main] s.w.s.m.m.a.RequestMappingHandlerMapping : Mapped "{[/bank/bindBankCard],methods=[POST]}" onto public java.lang.String cn.com.caogen.controller.BankController.bindBankCard(java.lang.String,javax.servlet.http.HttpServletRequest)
2018-10-19 13:33:32.858  INFO 32368 --- [main] s.w.s.m.m.a.RequestMappingHandlerMapping : Mapped "{[/bank/getType],methods=[GET]}" onto public java.lang.String cn.com.caogen.controller.BankController.getBankType(java.lang.String)
2018-10-19 13:33:32.858  INFO 32368 --- [main] s.w.s.m.m.a.RequestMappingHandlerMapping : Mapped "{[/bank/unbind],methods=[POST]}" onto public java.lang.String cn.com.caogen.controller.BankController.unbind(java.lang.String)
2018-10-19 13:33:32.859  INFO 32368 --- [main] s.w.s.m.m.a.RequestMappingHandlerMapping : Mapped "{[/borrow/add],methods=[POST]}" onto public java.lang.String cn.com.caogen.controller.BorrowController.add(java.lang.String,javax.servlet.http.HttpServletRequest)
2018-10-19 13:33:32.860  INFO 32368 --- [main] s.w.s.m.m.a.RequestMappingHandlerMapping : Mapped "{[/borrow/confirmdo],methods=[POST]}" onto public java.lang.String cn.com.caogen.controller.BorrowController.confirmdo(int,javax.servlet.http.HttpServletRequest)
2018-10-19 13:33:32.860  INFO 32368 --- [main] s.w.s.m.m.a.RequestMappingHandlerMapping : Mapped "{[/borrow/queryAll],methods=[GET]}" onto public java.lang.String cn.com.caogen.controller.BorrowController.queryAll(javax.servlet.http.HttpServletRequest)
2018-10-19 13:33:32.864  INFO 32368 --- [main] s.w.s.m.m.a.RequestMappingHandlerMapping : Mapped "{[/count/queryCount],methods=[GET]}" onto public java.lang.String cn.com.caogen.controller.CountController.queryCount(java.lang.String)
2018-10-19 13:33:32.865  INFO 32368 --- [main] s.w.s.m.m.a.RequestMappingHandlerMapping : Mapped "{[/count/getOutCash],methods=[POST]}" onto public java.lang.String cn.com.caogen.controller.CountController.getOutCash(javax.servlet.http.HttpServletRequest,java.lang.String,java.lang.String,java.lang.String,java.lang.String,java.lang.Double,java.lang.String)
2018-10-19 13:33:32.865  INFO 32368 --- [main] s.w.s.m.m.a.RequestMappingHandlerMapping : Mapped "{[/count/queryCountByUserid],methods=[GET]}" onto public java.lang.String cn.com.caogen.controller.CountController.queryCountByUserid(javax.servlet.http.HttpServletRequest)
2018-10-19 13:33:32.865  INFO 32368 --- [main] s.w.s.m.m.a.RequestMappingHandlerMapping : Mapped "{[/count/settypeAndnum],methods=[POST]}" onto public java.lang.String cn.com.caogen.controller.CountController.scanPay(java.lang.String,java.lang.Double,javax.servlet.http.HttpServletRequest)
2018-10-19 13:33:32.865  INFO 32368 --- [main] s.w.s.m.m.a.RequestMappingHandlerMapping : Mapped "{[/count/scanPay],methods=[POST]}" onto public java.lang.String cn.com.caogen.controller.CountController.scanPay(java.lang.String,java.lang.String,java.lang.Double,java.lang.String,javax.servlet.http.HttpServletRequest)
2018-10-19 13:33:32.865  INFO 32368 --- [main] s.w.s.m.m.a.RequestMappingHandlerMapping : Mapped "{[/count/updateCountpwd],methods=[POST]}" onto public java.lang.String cn.com.caogen.controller.CountController.updateCountpwd(java.lang.String,java.lang.String,java.lang.String,java.lang.String)
2018-10-19 13:33:32.866  INFO 32368 --- [main] s.w.s.m.m.a.RequestMappingHandlerMapping : Mapped "{[/count/switch],methods=[POST]}" onto public java.lang.String cn.com.caogen.controller.CountController.countSwitch(javax.servlet.http.HttpServletRequest,java.lang.String,java.lang.Double,java.lang.String,java.lang.String)
2018-10-19 13:33:32.866  INFO 32368 --- [main] s.w.s.m.m.a.RequestMappingHandlerMapping : Mapped "{[/count/updateBlance],methods=[POST]}" onto public java.lang.String cn.com.caogen.controller.CountController.updateblance(java.lang.String,java.lang.String)
2018-10-19 13:33:32.866  INFO 32368 --- [main] s.w.s.m.m.a.RequestMappingHandlerMapping : Mapped "{[/count/queryMoneyType],methods=[GET]}" onto public java.lang.String cn.com.caogen.controller.CountController.getMoneyType()
2018-10-19 13:33:32.866  INFO 32368 --- [main] s.w.s.m.m.a.RequestMappingHandlerMapping : Mapped "{[/count/checkPhone],methods=[POST]}" onto public java.lang.String cn.com.caogen.controller.CountController.checkPhone(java.lang.String)
2018-10-19 13:33:32.866  INFO 32368 --- [main] s.w.s.m.m.a.RequestMappingHandlerMapping : Mapped "{[/count/exchange],methods=[POST]}" onto public java.lang.String cn.com.caogen.controller.CountController.exchange(java.lang.String,javax.servlet.http.HttpServletRequest)
2018-10-19 13:33:32.866  INFO 32368 --- [main] s.w.s.m.m.a.RequestMappingHandlerMapping : Mapped "{[/count/logoutCount],methods=[POST]}" onto public java.lang.String cn.com.caogen.controller.CountController.logoutCount(java.lang.String)
2018-10-19 13:33:32.867  INFO 32368 --- [main] s.w.s.m.m.a.RequestMappingHandlerMapping : Mapped "{[/count/createCount],methods=[POST]}" onto public java.lang.String cn.com.caogen.controller.CountController.createCount(java.lang.String,java.lang.String,javax.servlet.http.HttpServletRequest)
2018-10-19 13:33:32.868  INFO 32368 --- [main] s.w.s.m.m.a.RequestMappingHandlerMapping : Mapped "{[/message/delete],methods=[GET]}" onto public java.lang.String cn.com.caogen.controller.MessageController.delete(java.lang.String)
2018-10-19 13:33:32.869  INFO 32368 --- [main] s.w.s.m.m.a.RequestMappingHandlerMapping : Mapped "{[/message/batchdelete],methods=[GET]}" onto public java.lang.String cn.com.caogen.controller.MessageController.batchdelete(java.lang.String)
2018-10-19 13:33:32.871  INFO 32368 --- [main] s.w.s.m.m.a.RequestMappingHandlerMapping : Mapped "{[/message/send],methods=[POST]}" onto public java.lang.String cn.com.caogen.controller.MessageController.sendMessage(java.lang.String,java.lang.String,java.lang.String,javax.servlet.http.HttpServletRequest)
2018-10-19 13:33:32.871  INFO 32368 --- [main] s.w.s.m.m.a.RequestMappingHandlerMapping : Mapped "{[/message/markreceive],methods=[POST]}" onto public java.lang.String cn.com.caogen.controller.MessageController.markrecive(java.lang.String)
2018-10-19 13:33:32.872  INFO 32368 --- [main] s.w.s.m.m.a.RequestMappingHandlerMapping : Mapped "{[/message/queryMessage],methods=[GET]}" onto public java.lang.String cn.com.caogen.controller.MessageController.queryMessage(java.lang.String)
2018-10-19 13:33:32.872  INFO 32368 --- [main] s.w.s.m.m.a.RequestMappingHandlerMapping : Mapped "{[/message/querysend],methods=[GET]}" onto public java.lang.String cn.com.caogen.controller.MessageController.querysend(javax.servlet.http.HttpServletRequest)
2018-10-19 13:33:32.872  INFO 32368 --- [main] s.w.s.m.m.a.RequestMappingHandlerMapping : Mapped "{[/message/marksend],methods=[POST]}" onto public java.lang.String cn.com.caogen.controller.MessageController.markSend(java.lang.String)
2018-10-19 13:33:32.873  INFO 32368 --- [main] s.w.s.m.m.a.RequestMappingHandlerMapping : Mapped "{[/message/queryreceive],methods=[GET]}" onto public java.lang.String cn.com.caogen.controller.MessageController.reciveMessage(javax.servlet.http.HttpServletRequest)
2018-10-19 13:33:32.874  INFO 32368 --- [main] s.w.s.m.m.a.RequestMappingHandlerMapping : Mapped "{[/mobile/payMent],methods=[POST]}" onto public java.lang.String cn.com.caogen.controller.MobileController.payMent(javax.servlet.http.HttpServletRequest,java.lang.String,java.lang.String,java.lang.String)
2018-10-19 13:33:32.876  INFO 32368 --- [main] s.w.s.m.m.a.RequestMappingHandlerMapping : Mapped "{[/opera/queryByWeek],methods=[GET]}" onto public java.lang.String cn.com.caogen.controller.OperaController.queryByWeek()
2018-10-19 13:33:32.876  INFO 32368 --- [main] s.w.s.m.m.a.RequestMappingHandlerMapping : Mapped "{[/opera/queryByquarter],methods=[GET]}" onto public java.lang.String cn.com.caogen.controller.OperaController.queryByquarter()
2018-10-19 13:33:32.876  INFO 32368 --- [main] s.w.s.m.m.a.RequestMappingHandlerMapping : Mapped "{[/opera/queryByYear],methods=[GET]}" onto public java.lang.String cn.com.caogen.controller.OperaController.queryByYear()
2018-10-19 13:33:32.876  INFO 32368 --- [main] s.w.s.m.m.a.RequestMappingHandlerMapping : Mapped "{[/opera/queryByUserid],methods=[GET]}" onto public java.lang.String cn.com.caogen.controller.OperaController.queryByUserid(javax.servlet.http.HttpServletRequest)
2018-10-19 13:33:32.877  INFO 32368 --- [main] s.w.s.m.m.a.RequestMappingHandlerMapping : Mapped "{[/opera/queryByMonth],methods=[GET]}" onto public java.lang.String cn.com.caogen.controller.OperaController.queryByMonth()
2018-10-19 13:33:32.877  INFO 32368 --- [main] s.w.s.m.m.a.RequestMappingHandlerMapping : Mapped "{[/opera/queryByDay],methods=[GET]}" onto public java.lang.String cn.com.caogen.controller.OperaController.queryByDay()
2018-10-19 13:33:32.877  INFO 32368 --- [main] s.w.s.m.m.a.RequestMappingHandlerMapping : Mapped "{[/opera/queryAll],methods=[GET]}" onto public java.lang.String cn.com.caogen.controller.OperaController.queryAll()
2018-10-19 13:33:32.881  INFO 32368 --- [main] s.w.s.m.m.a.RequestMappingHandlerMapping : Mapped "{[/EN/currency_exchange/exchange_rate_list]}" onto public java.lang.String cn.com.caogen.controller.PageController.ENexchange_rate_list()
2018-10-19 13:33:32.881  INFO 32368 --- [main] s.w.s.m.m.a.RequestMappingHandlerMapping : Mapped "{[/EN/main/transfer_accounts]}" onto public java.lang.String cn.com.caogen.controller.PageController.ENtransfer_accounts()
2018-10-19 13:33:32.882  INFO 32368 --- [main] s.w.s.m.m.a.RequestMappingHandlerMapping : Mapped "{[/CN/currency_exchange/exchange_rate_list]}" onto public java.lang.String cn.com.caogen.controller.PageController.CNexchange_rate_list()
2018-10-19 13:33:32.882  INFO 32368 --- [main] s.w.s.m.m.a.RequestMappingHandlerMapping : Mapped "{[/EN/main/foreign_currency]}" onto public java.lang.String cn.com.caogen.controller.PageController.ENforeign_currency()
2018-10-19 13:33:32.882  INFO 32368 --- [main] s.w.s.m.m.a.RequestMappingHandlerMapping : Mapped "{[/CN/main/transfer_accounts]}" onto public java.lang.String cn.com.caogen.controller.PageController.CNtransfer_accounts()
2018-10-19 13:33:32.882  INFO 32368 --- [main] s.w.s.m.m.a.RequestMappingHandlerMapping : Mapped "{[/CN/my/my_money]}" onto public java.lang.String cn.com.caogen.controller.PageController.CNmy_money()
2018-10-19 13:33:32.882  INFO 32368 --- [main] s.w.s.m.m.a.RequestMappingHandlerMapping : Mapped "{[/CN/index]}" onto public java.lang.String cn.com.caogen.controller.PageController.CNindex()
2018-10-19 13:33:32.883  INFO 32368 --- [main] s.w.s.m.m.a.RequestMappingHandlerMapping : Mapped "{[/CN/main/pos_Alipay]}" onto public java.lang.String cn.com.caogen.controller.PageController.CNpos_Alipay()
2018-10-19 13:33:32.883  INFO 32368 --- [main] s.w.s.m.m.a.RequestMappingHandlerMapping : Mapped "{[/CN/more/financial]}" onto public java.lang.String cn.com.caogen.controller.PageController.CNfinancial()
2018-10-19 13:33:32.883  INFO 32368 --- [main] s.w.s.m.m.a.RequestMappingHandlerMapping : Mapped "{[/CN/my/authentication]}" onto public java.lang.String cn.com.caogen.controller.PageController.CNauthentication()
2018-10-19 13:33:32.883  INFO 32368 --- [main] s.w.s.m.m.a.RequestMappingHandlerMapping : Mapped "{[/CN/more/life_payment]}" onto public java.lang.String cn.com.caogen.controller.PageController.CNlife_payment()
2018-10-19 13:33:32.883  INFO 32368 --- [main] s.w.s.m.m.a.RequestMappingHandlerMapping : Mapped "{[/CN/my/my_account]}" onto public java.lang.String cn.com.caogen.controller.PageController.CNmyaccount()
2018-10-19 13:33:32.884  INFO 32368 --- [main] s.w.s.m.m.a.RequestMappingHandlerMapping : Mapped "{[/CN/currency_exchange/exchange_list]}" onto public java.lang.String cn.com.caogen.controller.PageController.CNexchange_list()
2018-10-19 13:33:32.884  INFO 32368 --- [main] s.w.s.m.m.a.RequestMappingHandlerMapping : Mapped "{[/CN/main/trans_cash]}" onto public java.lang.String cn.com.caogen.controller.PageController.CNtrans_cash()
2018-10-19 13:33:32.885  INFO 32368 --- [main] s.w.s.m.m.a.RequestMappingHandlerMapping : Mapped "{[/CN/main/foreign_currency]}" onto public java.lang.String cn.com.caogen.controller.PageController.foreign_currency()
2018-10-19 13:33:32.886  INFO 32368 --- [main] s.w.s.m.m.a.RequestMappingHandlerMapping : Mapped "{[/goback],methods=[POST]}" onto public void cn.com.caogen.controller.PageController.goBack(javax.servlet.http.HttpServletRequest,java.lang.String,java.lang.String,java.lang.String,javax.servlet.http.HttpServletResponse)
2018-10-19 13:33:32.886  INFO 32368 --- [main] s.w.s.m.m.a.RequestMappingHandlerMapping : Mapped "{[/CN/login]}" onto public java.lang.String cn.com.caogen.controller.PageController.CNlogin(javax.servlet.http.HttpServletRequest)
2018-10-19 13:33:32.886  INFO 32368 --- [main] s.w.s.m.m.a.RequestMappingHandlerMapping : Mapped "{[/CN/main/recharge_form]}" onto public java.lang.String cn.com.caogen.controller.PageController.CNrecharge_form()
2018-10-19 13:33:32.887  INFO 32368 --- [main] s.w.s.m.m.a.RequestMappingHandlerMapping : Mapped "{[/CN/register]}" onto public java.lang.String cn.com.caogen.controller.PageController.CNregister()
2018-10-19 13:33:32.887  INFO 32368 --- [main] s.w.s.m.m.a.RequestMappingHandlerMapping : Mapped "{[/CN/more/phone_charge]}" onto public java.lang.String cn.com.caogen.controller.PageController.CNphone_charge()
2018-10-19 13:33:32.887  INFO 32368 --- [main] s.w.s.m.m.a.RequestMappingHandlerMapping : Mapped "{[/CN/more/water_charge]}" onto public java.lang.String cn.com.caogen.controller.PageController.CNwater_charge()
2018-10-19 13:33:32.887  INFO 32368 --- [main] s.w.s.m.m.a.RequestMappingHandlerMapping : Mapped "{[/CN/more/ele_charge]}" onto public java.lang.String cn.com.caogen.controller.PageController.CNele_charge()
2018-10-19 13:33:32.888  INFO 32368 --- [main] s.w.s.m.m.a.RequestMappingHandlerMapping : Mapped "{[/CN/main/pos_Bank]}" onto public java.lang.String cn.com.caogen.controller.PageController.CNpos_Bank()
2018-10-19 13:33:32.888  INFO 32368 --- [main] s.w.s.m.m.a.RequestMappingHandlerMapping : Mapped "{[/CN/my/pay_psw]}" onto public java.lang.String cn.com.caogen.controller.PageController.CNpay_psw()
2018-10-19 13:33:32.888  INFO 32368 --- [main] s.w.s.m.m.a.RequestMappingHandlerMapping : Mapped "{[/CN/my/inbox]}" onto public java.lang.String cn.com.caogen.controller.PageController.CNinbox()
2018-10-19 13:33:32.888  INFO 32368 --- [main] s.w.s.m.m.a.RequestMappingHandlerMapping : Mapped "{[/CN/main/pos_bitcoin]}" onto public java.lang.String cn.com.caogen.controller.PageController.CNpos_bitcoin()
2018-10-19 13:33:32.889  INFO 32368 --- [main] s.w.s.m.m.a.RequestMappingHandlerMapping : Mapped "{[/CN/nonCardCash/cash_in]}" onto public java.lang.String cn.com.caogen.controller.PageController.CNnonCardCash()
2018-10-19 13:33:32.889  INFO 32368 --- [main] s.w.s.m.m.a.RequestMappingHandlerMapping : Mapped "{[/CN/find_psw]}" onto public java.lang.String cn.com.caogen.controller.PageController.CNfind_psw()
2018-10-19 13:33:32.890  INFO 32368 --- [main] s.w.s.m.m.a.RequestMappingHandlerMapping : Mapped "{[/CN/my/bank_card]}" onto public java.lang.String cn.com.caogen.controller.PageController.CNbank_card()
2018-10-19 13:33:32.890  INFO 32368 --- [main] s.w.s.m.m.a.RequestMappingHandlerMapping : Mapped "{[/CN/my/bind_account]}" onto public java.lang.String cn.com.caogen.controller.PageController.CNbind_account()
2018-10-19 13:33:32.890  INFO 32368 --- [main] s.w.s.m.m.a.RequestMappingHandlerMapping : Mapped "{[/CN/my/message]}" onto public java.lang.String cn.com.caogen.controller.PageController.CNmessage()
2018-10-19 13:33:32.890  INFO 32368 --- [main] s.w.s.m.m.a.RequestMappingHandlerMapping : Mapped "{[/CN/currency_exchange/exchange]}" onto public java.lang.String cn.com.caogen.controller.PageController.CNexchange()
2018-10-19 13:33:32.890  INFO 32368 --- [main] s.w.s.m.m.a.RequestMappingHandlerMapping : Mapped "{[/CN/my/outbox]}" onto public java.lang.String cn.com.caogen.controller.PageController.CNoutbox()
2018-10-19 13:33:32.891  INFO 32368 --- [main] s.w.s.m.m.a.RequestMappingHandlerMapping : Mapped "{[/CN/main/pos_WeChat]}" onto public java.lang.String cn.com.caogen.controller.PageController.CNpos_WeChat()
2018-10-19 13:33:32.891  INFO 32368 --- [main] s.w.s.m.m.a.RequestMappingHandlerMapping : Mapped "{[/CN/main/pos_cash]}" onto public java.lang.String cn.com.caogen.controller.PageController.CNpos_cash()
2018-10-19 13:33:32.891  INFO 32368 --- [main] s.w.s.m.m.a.RequestMappingHandlerMapping : Mapped "{[/CN/main/recharge]}" onto public java.lang.String cn.com.caogen.controller.PageController.CNmainrecharge()
2018-10-19 13:33:32.891  INFO 32368 --- [main] s.w.s.m.m.a.RequestMappingHandlerMapping : Mapped "{[/CN/my/login_psw]}" onto public java.lang.String cn.com.caogen.controller.PageController.CNlogin_psw()
2018-10-19 13:33:32.891  INFO 32368 --- [main] s.w.s.m.m.a.RequestMappingHandlerMapping : Mapped "{[/CN/more/trade_list]}" onto public java.lang.String cn.com.caogen.controller.PageController.CNtrade_list()
2018-10-19 13:33:32.892  INFO 32368 --- [main] s.w.s.m.m.a.RequestMappingHandlerMapping : Mapped "{[/CN/more/trade_history]}" onto public java.lang.String cn.com.caogen.controller.PageController.CNtrade_history()
2018-10-19 13:33:32.892  INFO 32368 --- [main] s.w.s.m.m.a.RequestMappingHandlerMapping : Mapped "{[/CN/more/active_list]}" onto public java.lang.String cn.com.caogen.controller.PageController.CNactive_list()
2018-10-19 13:33:32.892  INFO 32368 --- [main] s.w.s.m.m.a.RequestMappingHandlerMapping : Mapped "{[/CN/my/my_loan]}" onto public java.lang.String cn.com.caogen.controller.PageController.CNmy_loan()
2018-10-19 13:33:32.892  INFO 32368 --- [main] s.w.s.m.m.a.RequestMappingHandlerMapping : Mapped "{[/EN/nonCardCash/cash_in]}" onto public java.lang.String cn.com.caogen.controller.PageController.ENnonCardCash()
2018-10-19 13:33:32.892  INFO 32368 --- [main] s.w.s.m.m.a.RequestMappingHandlerMapping : Mapped "{[/EN/more/financial]}" onto public java.lang.String cn.com.caogen.controller.PageController.ENfinancial()
2018-10-19 13:33:32.893  INFO 32368 --- [main] s.w.s.m.m.a.RequestMappingHandlerMapping : Mapped "{[/EN/find_psw]}" onto public java.lang.String cn.com.caogen.controller.PageController.ENfind_psw()
2018-10-19 13:33:32.893  INFO 32368 --- [main] s.w.s.m.m.a.RequestMappingHandlerMapping : Mapped "{[/EN/more/trade_history]}" onto public java.lang.String cn.com.caogen.controller.PageController.ENtrade_history()
2018-10-19 13:33:32.893  INFO 32368 --- [main] s.w.s.m.m.a.RequestMappingHandlerMapping : Mapped "{[/EN/more/active_list]}" onto public java.lang.String cn.com.caogen.controller.PageController.ENactive_list()
2018-10-19 13:33:32.893  INFO 32368 --- [main] s.w.s.m.m.a.RequestMappingHandlerMapping : Mapped "{[/EN/my/authentication]}" onto public java.lang.String cn.com.caogen.controller.PageController.ENauthentication()
2018-10-19 13:33:32.893  INFO 32368 --- [main] s.w.s.m.m.a.RequestMappingHandlerMapping : Mapped "{[/EN/login]}" onto public java.lang.String cn.com.caogen.controller.PageController.ENlogin(javax.servlet.http.HttpServletRequest)
2018-10-19 13:33:32.894  INFO 32368 --- [main] s.w.s.m.m.a.RequestMappingHandlerMapping : Mapped "{[/EN/main/pos_Bank]}" onto public java.lang.String cn.com.caogen.controller.PageController.ENpos_Bank()
2018-10-19 13:33:32.894  INFO 32368 --- [main] s.w.s.m.m.a.RequestMappingHandlerMapping : Mapped "{[/EN/my/my_loan]}" onto public java.lang.String cn.com.caogen.controller.PageController.ENmy_loan()
2018-10-19 13:33:32.894  INFO 32368 --- [main] s.w.s.m.m.a.RequestMappingHandlerMapping : Mapped "{[/EN/my/outbox]}" onto public java.lang.String cn.com.caogen.controller.PageController.ENoutbox()
2018-10-19 13:33:32.894  INFO 32368 --- [main] s.w.s.m.m.a.RequestMappingHandlerMapping : Mapped "{[/EN/my/change_phone]}" onto public java.lang.String cn.com.caogen.controller.PageController.ENchange_phone()
2018-10-19 13:33:32.895  INFO 32368 --- [main] s.w.s.m.m.a.RequestMappingHandlerMapping : Mapped "{[/EN/my/inbox]}" onto public java.lang.String cn.com.caogen.controller.PageController.ENinbox()
2018-10-19 13:33:32.895  INFO 32368 --- [main] s.w.s.m.m.a.RequestMappingHandlerMapping : Mapped "{[/EN/my/message]}" onto public java.lang.String cn.com.caogen.controller.PageController.ENmessage()
2018-10-19 13:33:32.895  INFO 32368 --- [main] s.w.s.m.m.a.RequestMappingHandlerMapping : Mapped "{[/CN/my/change_phone]}" onto public java.lang.String cn.com.caogen.controller.PageController.CNchange_phone()
2018-10-19 13:33:32.895  INFO 32368 --- [main] s.w.s.m.m.a.RequestMappingHandlerMapping : Mapped "{[/EN/register]}" onto public java.lang.String cn.com.caogen.controller.PageController.ENregister()
2018-10-19 13:33:32.895  INFO 32368 --- [main] s.w.s.m.m.a.RequestMappingHandlerMapping : Mapped "{[/EN/my/pay_psw]}" onto public java.lang.String cn.com.caogen.controller.PageController.ENpay_psw()
2018-10-19 13:33:32.896  INFO 32368 --- [main] s.w.s.m.m.a.RequestMappingHandlerMapping : Mapped "{[/EN/more/life_payment]}" onto public java.lang.String cn.com.caogen.controller.PageController.ENlife_payment()
2018-10-19 13:33:32.896  INFO 32368 --- [main] s.w.s.m.m.a.RequestMappingHandlerMapping : Mapped "{[/EN/main/pos_WeChat]}" onto public java.lang.String cn.com.caogen.controller.PageController.ENpos_WeChat()
2018-10-19 13:33:32.896  INFO 32368 --- [main] s.w.s.m.m.a.RequestMappingHandlerMapping : Mapped "{[/EN/main/trans_cash]}" onto public java.lang.String cn.com.caogen.controller.PageController.ENtrans_cash()
2018-10-19 13:33:32.896  INFO 32368 --- [main] s.w.s.m.m.a.RequestMappingHandlerMapping : Mapped "{[/EN/more/phone_charge]}" onto public java.lang.String cn.com.caogen.controller.PageController.ENphone_charge()
2018-10-19 13:33:32.897  INFO 32368 --- [main] s.w.s.m.m.a.RequestMappingHandlerMapping : Mapped "{[/EN/currency_exchange/exchange_list]}" onto public java.lang.String cn.com.caogen.controller.PageController.ENexchange_list()
2018-10-19 13:33:32.897  INFO 32368 --- [main] s.w.s.m.m.a.RequestMappingHandlerMapping : Mapped "{[/EN/main/pos_Alipay]}" onto public java.lang.String cn.com.caogen.controller.PageController.ENpos_Alipay()
2018-10-19 13:33:32.897  INFO 32368 --- [main] s.w.s.m.m.a.RequestMappingHandlerMapping : Mapped "{[/EN/my/my_account]}" onto public java.lang.String cn.com.caogen.controller.PageController.ENmyaccount()
2018-10-19 13:33:32.897  INFO 32368 --- [main] s.w.s.m.m.a.RequestMappingHandlerMapping : Mapped "{[/EN/my/bank_card]}" onto public java.lang.String cn.com.caogen.controller.PageController.ENbank_card()
2018-10-19 13:33:32.897  INFO 32368 --- [main] s.w.s.m.m.a.RequestMappingHandlerMapping : Mapped "{[/EN/main/recharge]}" onto public java.lang.String cn.com.caogen.controller.PageController.ENmainrecharge()
2018-10-19 13:33:32.897  INFO 32368 --- [main] s.w.s.m.m.a.RequestMappingHandlerMapping : Mapped "{[/EN/main/recharge_form]}" onto public java.lang.String cn.com.caogen.controller.PageController.ENrecharge_form()
2018-10-19 13:33:32.898  INFO 32368 --- [main] s.w.s.m.m.a.RequestMappingHandlerMapping : Mapped "{[/EN/my/bind_account]}" onto public java.lang.String cn.com.caogen.controller.PageController.ENbind_account()
2018-10-19 13:33:32.898  INFO 32368 --- [main] s.w.s.m.m.a.RequestMappingHandlerMapping : Mapped "{[/EN/more/water_charge]}" onto public java.lang.String cn.com.caogen.controller.PageController.ENwater_charge()
2018-10-19 13:33:32.898  INFO 32368 --- [main] s.w.s.m.m.a.RequestMappingHandlerMapping : Mapped "{[/EN/more/trade_list]}" onto public java.lang.String cn.com.caogen.controller.PageController.ENtrade_list()
2018-10-19 13:33:32.898  INFO 32368 --- [main] s.w.s.m.m.a.RequestMappingHandlerMapping : Mapped "{[/EN/my/my_money]}" onto public java.lang.String cn.com.caogen.controller.PageController.ENmy_money()
2018-10-19 13:33:32.898  INFO 32368 --- [main] s.w.s.m.m.a.RequestMappingHandlerMapping : Mapped "{[/EN/index]}" onto public java.lang.String cn.com.caogen.controller.PageController.ENindex()
2018-10-19 13:33:32.898  INFO 32368 --- [main] s.w.s.m.m.a.RequestMappingHandlerMapping : Mapped "{[/EN/more/ele_charge]}" onto public java.lang.String cn.com.caogen.controller.PageController.ENele_charge()
2018-10-19 13:33:32.899  INFO 32368 --- [main] s.w.s.m.m.a.RequestMappingHandlerMapping : Mapped "{[/EN/currency_exchange/exchange]}" onto public java.lang.String cn.com.caogen.controller.PageController.ENexchange()
2018-10-19 13:33:32.899  INFO 32368 --- [main] s.w.s.m.m.a.RequestMappingHandlerMapping : Mapped "{[/EN/main/pos_cash]}" onto public java.lang.String cn.com.caogen.controller.PageController.ENpos_cash()
2018-10-19 13:33:32.899  INFO 32368 --- [main] s.w.s.m.m.a.RequestMappingHandlerMapping : Mapped "{[/EN/my/login_psw]}" onto public java.lang.String cn.com.caogen.controller.PageController.ENlogin_psw()
2018-10-19 13:33:32.899  INFO 32368 --- [main] s.w.s.m.m.a.RequestMappingHandlerMapping : Mapped "{[/EN/main/pos_bitcoin]}" onto public java.lang.String cn.com.caogen.controller.PageController.ENpos_bitcoin()
2018-10-19 13:33:32.900  INFO 32368 --- [main] s.w.s.m.m.a.RequestMappingHandlerMapping : Mapped "{[/pay/getcash]}" onto public java.lang.String cn.com.caogen.controller.PayController.cash(java.lang.String,javax.servlet.http.HttpServletRequest)
2018-10-19 13:33:32.902  INFO 32368 --- [main] s.w.s.m.m.a.RequestMappingHandlerMapping : Mapped "{[/pay/recharge],methods=[POST]}" onto public void cn.com.caogen.controller.PayController.pay(java.lang.String,java.lang.String,javax.servlet.http.HttpServletResponse,javax.servlet.http.HttpServletRequest)
2018-10-19 13:33:32.903  INFO 32368 --- [main] s.w.s.m.m.a.RequestMappingHandlerMapping : Mapped "{[/rate/getIp],methods=[GET]}" onto public java.lang.String cn.com.caogen.controller.RateController.getIp(javax.servlet.http.HttpServletRequest)
2018-10-19 13:33:32.904  INFO 32368 --- [main] s.w.s.m.m.a.RequestMappingHandlerMapping : Mapped "{[/rate/getSingleRate],methods=[GET]}" onto public java.lang.String cn.com.caogen.controller.RateController.getSingleRate(java.lang.String)
2018-10-19 13:33:32.904  INFO 32368 --- [main] s.w.s.m.m.a.RequestMappingHandlerMapping : Mapped "{[/rate/queryAll],methods=[GET]}" onto public java.lang.String cn.com.caogen.controller.RateController.getRates()
2018-10-19 13:33:32.906  INFO 32368 --- [main] s.w.s.m.m.a.RequestMappingHandlerMapping : Mapped "{[/user/register],methods=[POST]}" onto public java.lang.String cn.com.caogen.controller.UserController.register(java.lang.String,java.lang.String,java.lang.String)
2018-10-19 13:33:32.907  INFO 32368 --- [main] s.w.s.m.m.a.RequestMappingHandlerMapping : Mapped "{[/user/login],methods=[POST]}" onto public java.lang.String cn.com.caogen.controller.UserController.login(java.lang.String,java.lang.String,javax.servlet.http.HttpServletRequest,javax.servlet.http.HttpServletResponse) throws java.lang.Exception
2018-10-19 13:33:32.907  INFO 32368 --- [main] s.w.s.m.m.a.RequestMappingHandlerMapping : Mapped "{[/user/logout]}" onto public java.lang.String cn.com.caogen.controller.UserController.logout(javax.servlet.http.HttpServletRequest)
2018-10-19 13:33:32.907  INFO 32368 --- [main] s.w.s.m.m.a.RequestMappingHandlerMapping : Mapped "{[/user/checkPhone],methods=[POST]}" onto public java.lang.String cn.com.caogen.controller.UserController.checkPhone(java.lang.String)
2018-10-19 13:33:32.908  INFO 32368 --- [main] s.w.s.m.m.a.RequestMappingHandlerMapping : Mapped "{[/user/applyVip],methods=[GET]}" onto public java.lang.String cn.com.caogen.controller.UserController.applyVip(javax.servlet.http.HttpServletRequest)
2018-10-19 13:33:32.908  INFO 32368 --- [main] s.w.s.m.m.a.RequestMappingHandlerMapping : Mapped "{[/user/resetpwdmode],methods=[POST]}" onto public java.lang.String cn.com.caogen.controller.UserController.resetpwdmode(java.lang.String,java.lang.String,javax.servlet.http.HttpServletRequest)
2018-10-19 13:33:32.908  INFO 32368 --- [main] s.w.s.m.m.a.RequestMappingHandlerMapping : Mapped "{[/user/findpsw],methods=[POST]}" onto public java.lang.String cn.com.caogen.controller.UserController.findpsw(java.lang.String,java.lang.String)
2018-10-19 13:33:32.908  INFO 32368 --- [main] s.w.s.m.m.a.RequestMappingHandlerMapping : Mapped "{[/user/resetpwd],methods=[POST]}" onto public java.lang.String cn.com.caogen.controller.UserController.resetpwd(java.lang.String,java.lang.String)
2018-10-19 13:33:32.908  INFO 32368 --- [main] s.w.s.m.m.a.RequestMappingHandlerMapping : Mapped "{[/user/loginResetpwd],methods=[POST]}" onto public java.lang.String cn.com.caogen.controller.UserController.loginResetpwd(java.lang.String,java.lang.String,java.lang.String)
2018-10-19 13:33:32.908  INFO 32368 --- [main] s.w.s.m.m.a.RequestMappingHandlerMapping : Mapped "{[/user/uploadimg],methods=[POST]}" onto public java.lang.String cn.com.caogen.controller.UserController.uploadimg(java.lang.String,javax.servlet.http.HttpServletRequest)
2018-10-19 13:33:32.908  INFO 32368 --- [main] s.w.s.m.m.a.RequestMappingHandlerMapping : Mapped "{[/user/updatephone],methods=[GET]}" onto public java.lang.String cn.com.caogen.controller.UserController.updatephone(java.lang.String,java.lang.String,javax.servlet.http.HttpServletRequest)
2018-10-19 13:33:32.909  INFO 32368 --- [main] s.w.s.m.m.a.RequestMappingHandlerMapping : Mapped "{[/user/getuser]}" onto public java.lang.String cn.com.caogen.controller.UserController.getuser(javax.servlet.http.HttpServletRequest)
2018-10-19 13:33:32.909  INFO 32368 --- [main] s.w.s.m.m.a.RequestMappingHandlerMapping : Mapped "{[/user/authentication],methods=[POST]}" onto public java.lang.String cn.com.caogen.controller.UserController.getuser(java.lang.String,javax.servlet.http.HttpServletRequest)
2018-10-19 13:33:32.910  INFO 32368 --- [main] s.w.s.m.m.a.RequestMappingHandlerMapping : Mapped "{[/util/getIosUrl],methods=[GET]}" onto public java.lang.String cn.com.caogen.controller.UtilController.getIosUrl()
2018-10-19 13:33:32.910  INFO 32368 --- [main] s.w.s.m.m.a.RequestMappingHandlerMapping : Mapped "{[/util/getAndriodUrl],methods=[GET]}" onto public java.lang.String cn.com.caogen.controller.UtilController.getAndriodUrl()
2018-10-19 13:33:32.913  INFO 32368 --- [main] s.w.s.m.m.a.RequestMappingHandlerMapping : Mapped "{[/error]}" onto public org.springframework.http.ResponseEntity<java.util.Map<java.lang.String, java.lang.Object>> org.springframework.boot.autoconfigure.web.servlet.error.BasicErrorController.error(javax.servlet.http.HttpServletRequest)
2018-10-19 13:33:32.914  INFO 32368 --- [main] s.w.s.m.m.a.RequestMappingHandlerMapping : Mapped "{[/error],produces=[text/html]}" onto public org.springframework.web.servlet.ModelAndView org.springframework.boot.autoconfigure.web.servlet.error.BasicErrorController.errorHtml(javax.servlet.http.HttpServletRequest,javax.servlet.http.HttpServletResponse)
2018-10-19 13:33:32.952  INFO 32368 --- [main] o.s.w.s.handler.SimpleUrlHandlerMapping  : Mapped URL path [/webjars/**] onto handler of type [class org.springframework.web.servlet.resource.ResourceHttpRequestHandler]
2018-10-19 13:33:32.952  INFO 32368 --- [main] o.s.w.s.handler.SimpleUrlHandlerMapping  : Mapped URL path [/**] onto handler of type [class org.springframework.web.servlet.resource.ResourceHttpRequestHandler]
2018-10-19 13:33:33.906  INFO 32368 --- [main] c.c.caogen.money.MoneyApplicationTests   : Started MoneyApplicationTests in 4.739 seconds (JVM running for 5.763)
2018-10-19 13:33:33.909  INFO 32368 --- [main] cn.com.caogen.controller.Starup          : run ----------------------
2018-10-19 13:33:55.164  INFO 32368 --- [Thread-3] o.s.w.c.s.GenericWebApplicationContext   : Closing org.springframework.web.context.support.GenericWebApplicationContext@662706a7: startup date [Fri Oct 19 13:33:29 CST 2018]; root of context hierarchy
2018-10-19 13:34:44.807  INFO 33756 --- [main] c.c.caogen.money.MoneyApplicationTests   : Starting MoneyApplicationTests on LLH-USR with PID 33756 (started by llh in E:\pc\yanqingrepository\moneysystem)
2018-10-19 13:34:44.810  INFO 33756 --- [main] c.c.caogen.money.MoneyApplicationTests   : No active profile set, falling back to default profiles: default
2018-10-19 13:34:44.867  INFO 33756 --- [main] o.s.w.c.s.GenericWebApplicationContext   : Refreshing org.springframework.web.context.support.GenericWebApplicationContext@662706a7: startup date [Fri Oct 19 13:34:44 CST 2018]; root of context hierarchy
2018-10-19 13:34:45.609  INFO 33756 --- [main] .s.d.r.c.RepositoryConfigurationDelegate : Multiple Spring Data modules found, entering strict repository configuration mode!
2018-10-19 13:34:46.278  INFO 33756 --- [main] trationDelegate$BeanPostProcessorChecker : Bean 'org.springframework.transaction.annotation.ProxyTransactionManagementConfiguration' of type [org.springframework.transaction.annotation.ProxyTransactionManagementConfiguration$$EnhancerBySpringCGLIB$$5f7a394e] is not eligible for getting processed by all BeanPostProcessors (for example: not eligible for auto-proxying)
2018-10-19 13:34:47.765  INFO 33756 --- [main] o.s.w.s.handler.SimpleUrlHandlerMapping  : Mapped URL path [/**/favicon.ico] onto handler of type [class org.springframework.web.servlet.resource.ResourceHttpRequestHandler]
2018-10-19 13:34:48.110  INFO 33756 --- [main] s.w.s.m.m.a.RequestMappingHandlerAdapter : Looking for @ControllerAdvice: org.springframework.web.context.support.GenericWebApplicationContext@662706a7: startup date [Fri Oct 19 13:34:44 CST 2018]; root of context hierarchy
2018-10-19 13:34:48.194  INFO 33756 --- [main] s.w.s.m.m.a.RequestMappingHandlerMapping : Mapped "{[/appliy/scanlogin],methods=[GET]}" onto public java.lang.String cn.com.caogen.controller.AppliyController.scanLogin(javax.servlet.http.HttpServletRequest)
2018-10-19 13:34:48.195  INFO 33756 --- [main] s.w.s.m.m.a.RequestMappingHandlerMapping : Mapped "{[/appliy/scanAllow],methods=[GET]}" onto public java.lang.String cn.com.caogen.controller.AppliyController.scanAllow(javax.servlet.http.HttpServletRequest)
2018-10-19 13:34:48.195  INFO 33756 --- [main] s.w.s.m.m.a.RequestMappingHandlerMapping : Mapped "{[/appliy/querybyUserid],methods=[GET]}" onto public java.lang.String cn.com.caogen.controller.AppliyController.querybyUserid(javax.servlet.http.HttpServletRequest)
2018-10-19 13:34:48.196  INFO 33756 --- [main] s.w.s.m.m.a.RequestMappingHandlerMapping : Mapped "{[/appliy/unbindAppliy],methods=[POST]}" onto public java.lang.String cn.com.caogen.controller.AppliyController.unbindAppliy(java.lang.String)
2018-10-19 13:34:48.196  INFO 33756 --- [main] s.w.s.m.m.a.RequestMappingHandlerMapping : Mapped "{[/appliy/bind],methods=[GET]}" onto public java.lang.String cn.com.caogen.controller.AppliyController.bindAppliy(javax.servlet.http.HttpServletRequest)
2018-10-19 13:34:48.197  INFO 33756 --- [main] s.w.s.m.m.a.RequestMappingHandlerMapping : Mapped "{[/bank/query],methods=[POST]}" onto public java.lang.String cn.com.caogen.controller.BankController.query(javax.servlet.http.HttpServletRequest)
2018-10-19 13:34:48.198  INFO 33756 --- [main] s.w.s.m.m.a.RequestMappingHandlerMapping : Mapped "{[/bank/unbind],methods=[POST]}" onto public java.lang.String cn.com.caogen.controller.BankController.unbind(java.lang.String)
2018-10-19 13:34:48.199  INFO 33756 --- [main] s.w.s.m.m.a.RequestMappingHandlerMapping : Mapped "{[/bank/bindBankCard],methods=[POST]}" onto public java.lang.String cn.com.caogen.controller.BankController.bindBankCard(java.lang.String,javax.servlet.http.HttpServletRequest)
2018-10-19 13:34:48.199  INFO 33756 --- [main] s.w.s.m.m.a.RequestMappingHandlerMapping : Mapped "{[/bank/getType],methods=[GET]}" onto public java.lang.String cn.com.caogen.controller.BankController.getBankType(java.lang.String)
2018-10-19 13:34:48.200  INFO 33756 --- [main] s.w.s.m.m.a.RequestMappingHandlerMapping : Mapped "{[/borrow/add],methods=[POST]}" onto public java.lang.String cn.com.caogen.controller.BorrowController.add(java.lang.String,javax.servlet.http.HttpServletRequest)
2018-10-19 13:34:48.201  INFO 33756 --- [main] s.w.s.m.m.a.RequestMappingHandlerMapping : Mapped "{[/borrow/queryAll],methods=[GET]}" onto public java.lang.String cn.com.caogen.controller.BorrowController.queryAll(javax.servlet.http.HttpServletRequest)
2018-10-19 13:34:48.201  INFO 33756 --- [main] s.w.s.m.m.a.RequestMappingHandlerMapping : Mapped "{[/borrow/confirmdo],methods=[POST]}" onto public java.lang.String cn.com.caogen.controller.BorrowController.confirmdo(int,javax.servlet.http.HttpServletRequest)
2018-10-19 13:34:48.206  INFO 33756 --- [main] s.w.s.m.m.a.RequestMappingHandlerMapping : Mapped "{[/count/queryCount],methods=[GET]}" onto public java.lang.String cn.com.caogen.controller.CountController.queryCount(java.lang.String)
2018-10-19 13:34:48.206  INFO 33756 --- [main] s.w.s.m.m.a.RequestMappingHandlerMapping : Mapped "{[/count/exchange],methods=[POST]}" onto public java.lang.String cn.com.caogen.controller.CountController.exchange(java.lang.String,javax.servlet.http.HttpServletRequest)
2018-10-19 13:34:48.207  INFO 33756 --- [main] s.w.s.m.m.a.RequestMappingHandlerMapping : Mapped "{[/count/queryCountByUserid],methods=[GET]}" onto public java.lang.String cn.com.caogen.controller.CountController.queryCountByUserid(javax.servlet.http.HttpServletRequest)
2018-10-19 13:34:48.207  INFO 33756 --- [main] s.w.s.m.m.a.RequestMappingHandlerMapping : Mapped "{[/count/createCount],methods=[POST]}" onto public java.lang.String cn.com.caogen.controller.CountController.createCount(java.lang.String,java.lang.String,javax.servlet.http.HttpServletRequest)
2018-10-19 13:34:48.207  INFO 33756 --- [main] s.w.s.m.m.a.RequestMappingHandlerMapping : Mapped "{[/count/logoutCount],methods=[POST]}" onto public java.lang.String cn.com.caogen.controller.CountController.logoutCount(java.lang.String)
2018-10-19 13:34:48.208  INFO 33756 --- [main] s.w.s.m.m.a.RequestMappingHandlerMapping : Mapped "{[/count/settypeAndnum],methods=[POST]}" onto public java.lang.String cn.com.caogen.controller.CountController.scanPay(java.lang.String,java.lang.Double,javax.servlet.http.HttpServletRequest)
2018-10-19 13:34:48.208  INFO 33756 --- [main] s.w.s.m.m.a.RequestMappingHandlerMapping : Mapped "{[/count/scanPay],methods=[POST]}" onto public java.lang.String cn.com.caogen.controller.CountController.scanPay(java.lang.String,java.lang.String,java.lang.Double,java.lang.String,javax.servlet.http.HttpServletRequest)
2018-10-19 13:34:48.208  INFO 33756 --- [main] s.w.s.m.m.a.RequestMappingHandlerMapping : Mapped "{[/count/updateCountpwd],methods=[POST]}" onto public java.lang.String cn.com.caogen.controller.CountController.updateCountpwd(java.lang.String,java.lang.String,java.lang.String,java.lang.String)
2018-10-19 13:34:48.208  INFO 33756 --- [main] s.w.s.m.m.a.RequestMappingHandlerMapping : Mapped "{[/count/checkPhone],methods=[POST]}" onto public java.lang.String cn.com.caogen.controller.CountController.checkPhone(java.lang.String)
2018-10-19 13:34:48.209  INFO 33756 --- [main] s.w.s.m.m.a.RequestMappingHandlerMapping : Mapped "{[/count/switch],methods=[POST]}" onto public java.lang.String cn.com.caogen.controller.CountController.countSwitch(javax.servlet.http.HttpServletRequest,java.lang.String,java.lang.Double,java.lang.String,java.lang.String)
2018-10-19 13:34:48.209  INFO 33756 --- [main] s.w.s.m.m.a.RequestMappingHandlerMapping : Mapped "{[/count/queryMoneyType],methods=[GET]}" onto public java.lang.String cn.com.caogen.controller.CountController.getMoneyType()
2018-10-19 13:34:48.209  INFO 33756 --- [main] s.w.s.m.m.a.RequestMappingHandlerMapping : Mapped "{[/count/updateBlance],methods=[POST]}" onto public java.lang.String cn.com.caogen.controller.CountController.updateblance(java.lang.String,java.lang.String)
2018-10-19 13:34:48.209  INFO 33756 --- [main] s.w.s.m.m.a.RequestMappingHandlerMapping : Mapped "{[/count/getOutCash],methods=[POST]}" onto public java.lang.String cn.com.caogen.controller.CountController.getOutCash(javax.servlet.http.HttpServletRequest,java.lang.String,java.lang.String,java.lang.String,java.lang.String,java.lang.Double,java.lang.String)
2018-10-19 13:34:48.211  INFO 33756 --- [main] s.w.s.m.m.a.RequestMappingHandlerMapping : Mapped "{[/message/delete],methods=[GET]}" onto public java.lang.String cn.com.caogen.controller.MessageController.delete(java.lang.String)
2018-10-19 13:34:48.211  INFO 33756 --- [main] s.w.s.m.m.a.RequestMappingHandlerMapping : Mapped "{[/message/batchdelete],methods=[GET]}" onto public java.lang.String cn.com.caogen.controller.MessageController.batchdelete(java.lang.String)
2018-10-19 13:34:48.211  INFO 33756 --- [main] s.w.s.m.m.a.RequestMappingHandlerMapping : Mapped "{[/message/markreceive],methods=[POST]}" onto public java.lang.String cn.com.caogen.controller.MessageController.markrecive(java.lang.String)
2018-10-19 13:34:48.212  INFO 33756 --- [main] s.w.s.m.m.a.RequestMappingHandlerMapping : Mapped "{[/message/marksend],methods=[POST]}" onto public java.lang.String cn.com.caogen.controller.MessageController.markSend(java.lang.String)
2018-10-19 13:34:48.212  INFO 33756 --- [main] s.w.s.m.m.a.RequestMappingHandlerMapping : Mapped "{[/message/send],methods=[POST]}" onto public java.lang.String cn.com.caogen.controller.MessageController.sendMessage(java.lang.String,java.lang.String,java.lang.String,javax.servlet.http.HttpServletRequest)
2018-10-19 13:34:48.212  INFO 33756 --- [main] s.w.s.m.m.a.RequestMappingHandlerMapping : Mapped "{[/message/querysend],methods=[GET]}" onto public java.lang.String cn.com.caogen.controller.MessageController.querysend(javax.servlet.http.HttpServletRequest)
2018-10-19 13:34:48.212  INFO 33756 --- [main] s.w.s.m.m.a.RequestMappingHandlerMapping : Mapped "{[/message/queryreceive],methods=[GET]}" onto public java.lang.String cn.com.caogen.controller.MessageController.reciveMessage(javax.servlet.http.HttpServletRequest)
2018-10-19 13:34:48.213  INFO 33756 --- [main] s.w.s.m.m.a.RequestMappingHandlerMapping : Mapped "{[/message/queryMessage],methods=[GET]}" onto public java.lang.String cn.com.caogen.controller.MessageController.queryMessage(java.lang.String)
2018-10-19 13:34:48.215  INFO 33756 --- [main] s.w.s.m.m.a.RequestMappingHandlerMapping : Mapped "{[/mobile/payMent],methods=[POST]}" onto public java.lang.String cn.com.caogen.controller.MobileController.payMent(javax.servlet.http.HttpServletRequest,java.lang.String,java.lang.String,java.lang.String)
2018-10-19 13:34:48.218  INFO 33756 --- [main] s.w.s.m.m.a.RequestMappingHandlerMapping : Mapped "{[/opera/queryAll],methods=[GET]}" onto public java.lang.String cn.com.caogen.controller.OperaController.queryAll()
2018-10-19 13:34:48.219  INFO 33756 --- [main] s.w.s.m.m.a.RequestMappingHandlerMapping : Mapped "{[/opera/queryByMonth],methods=[GET]}" onto public java.lang.String cn.com.caogen.controller.OperaController.queryByMonth()
2018-10-19 13:34:48.219  INFO 33756 --- [main] s.w.s.m.m.a.RequestMappingHandlerMapping : Mapped "{[/opera/queryByDay],methods=[GET]}" onto public java.lang.String cn.com.caogen.controller.OperaController.queryByDay()
2018-10-19 13:34:48.220  INFO 33756 --- [main] s.w.s.m.m.a.RequestMappingHandlerMapping : Mapped "{[/opera/queryByWeek],methods=[GET]}" onto public java.lang.String cn.com.caogen.controller.OperaController.queryByWeek()
2018-10-19 13:34:48.220  INFO 33756 --- [main] s.w.s.m.m.a.RequestMappingHandlerMapping : Mapped "{[/opera/queryByquarter],methods=[GET]}" onto public java.lang.String cn.com.caogen.controller.OperaController.queryByquarter()
2018-10-19 13:34:48.220  INFO 33756 --- [main] s.w.s.m.m.a.RequestMappingHandlerMapping : Mapped "{[/opera/queryByYear],methods=[GET]}" onto public java.lang.String cn.com.caogen.controller.OperaController.queryByYear()
2018-10-19 13:34:48.221  INFO 33756 --- [main] s.w.s.m.m.a.RequestMappingHandlerMapping : Mapped "{[/opera/queryByUserid],methods=[GET]}" onto public java.lang.String cn.com.caogen.controller.OperaController.queryByUserid(javax.servlet.http.HttpServletRequest)
2018-10-19 13:34:48.227  INFO 33756 --- [main] s.w.s.m.m.a.RequestMappingHandlerMapping : Mapped "{[/CN/currency_exchange/exchange_rate_list]}" onto public java.lang.String cn.com.caogen.controller.PageController.CNexchange_rate_list()
2018-10-19 13:34:48.227  INFO 33756 --- [main] s.w.s.m.m.a.RequestMappingHandlerMapping : Mapped "{[/CN/main/transfer_accounts]}" onto public java.lang.String cn.com.caogen.controller.PageController.CNtransfer_accounts()
2018-10-19 13:34:48.228  INFO 33756 --- [main] s.w.s.m.m.a.RequestMappingHandlerMapping : Mapped "{[/EN/main/transfer_accounts]}" onto public java.lang.String cn.com.caogen.controller.PageController.ENtransfer_accounts()
2018-10-19 13:34:48.228  INFO 33756 --- [main] s.w.s.m.m.a.RequestMappingHandlerMapping : Mapped "{[/EN/main/foreign_currency]}" onto public java.lang.String cn.com.caogen.controller.PageController.ENforeign_currency()
2018-10-19 13:34:48.228  INFO 33756 --- [main] s.w.s.m.m.a.RequestMappingHandlerMapping : Mapped "{[/EN/currency_exchange/exchange_rate_list]}" onto public java.lang.String cn.com.caogen.controller.PageController.ENexchange_rate_list()
2018-10-19 13:34:48.228  INFO 33756 --- [main] s.w.s.m.m.a.RequestMappingHandlerMapping : Mapped "{[/CN/my/pay_psw]}" onto public java.lang.String cn.com.caogen.controller.PageController.CNpay_psw()
2018-10-19 13:34:48.229  INFO 33756 --- [main] s.w.s.m.m.a.RequestMappingHandlerMapping : Mapped "{[/EN/main/recharge_form]}" onto public java.lang.String cn.com.caogen.controller.PageController.ENrecharge_form()
2018-10-19 13:34:48.229  INFO 33756 --- [main] s.w.s.m.m.a.RequestMappingHandlerMapping : Mapped "{[/EN/main/recharge]}" onto public java.lang.String cn.com.caogen.controller.PageController.ENmainrecharge()
2018-10-19 13:34:48.229  INFO 33756 --- [main] s.w.s.m.m.a.RequestMappingHandlerMapping : Mapped "{[/CN/more/trade_list]}" onto public java.lang.String cn.com.caogen.controller.PageController.CNtrade_list()
2018-10-19 13:34:48.230  INFO 33756 --- [main] s.w.s.m.m.a.RequestMappingHandlerMapping : Mapped "{[/EN/my/login_psw]}" onto public java.lang.String cn.com.caogen.controller.PageController.ENlogin_psw()
2018-10-19 13:34:48.230  INFO 33756 --- [main] s.w.s.m.m.a.RequestMappingHandlerMapping : Mapped "{[/EN/my/bank_card]}" onto public java.lang.String cn.com.caogen.controller.PageController.ENbank_card()
2018-10-19 13:34:48.230  INFO 33756 --- [main] s.w.s.m.m.a.RequestMappingHandlerMapping : Mapped "{[/EN/my/message]}" onto public java.lang.String cn.com.caogen.controller.PageController.ENmessage()
2018-10-19 13:34:48.230  INFO 33756 --- [main] s.w.s.m.m.a.RequestMappingHandlerMapping : Mapped "{[/EN/my/my_money]}" onto public java.lang.String cn.com.caogen.controller.PageController.ENmy_money()
2018-10-19 13:34:48.231  INFO 33756 --- [main] s.w.s.m.m.a.RequestMappingHandlerMapping : Mapped "{[/CN/main/pos_WeChat]}" onto public java.lang.String cn.com.caogen.controller.PageController.CNpos_WeChat()
2018-10-19 13:34:48.231  INFO 33756 --- [main] s.w.s.m.m.a.RequestMappingHandlerMapping : Mapped "{[/CN/more/ele_charge]}" onto public java.lang.String cn.com.caogen.controller.PageController.CNele_charge()
2018-10-19 13:34:48.231  INFO 33756 --- [main] s.w.s.m.m.a.RequestMappingHandlerMapping : Mapped "{[/CN/more/trade_history]}" onto public java.lang.String cn.com.caogen.controller.PageController.CNtrade_history()
2018-10-19 13:34:48.231  INFO 33756 --- [main] s.w.s.m.m.a.RequestMappingHandlerMapping : Mapped "{[/EN/my/inbox]}" onto public java.lang.String cn.com.caogen.controller.PageController.ENinbox()
2018-10-19 13:34:48.231  INFO 33756 --- [main] s.w.s.m.m.a.RequestMappingHandlerMapping : Mapped "{[/EN/my/outbox]}" onto public java.lang.String cn.com.caogen.controller.PageController.ENoutbox()
2018-10-19 13:34:48.232  INFO 33756 --- [main] s.w.s.m.m.a.RequestMappingHandlerMapping : Mapped "{[/CN/my/bind_account]}" onto public java.lang.String cn.com.caogen.controller.PageController.CNbind_account()
2018-10-19 13:34:48.232  INFO 33756 --- [main] s.w.s.m.m.a.RequestMappingHandlerMapping : Mapped "{[/CN/my/outbox]}" onto public java.lang.String cn.com.caogen.controller.PageController.CNoutbox()
2018-10-19 13:34:48.232  INFO 33756 --- [main] s.w.s.m.m.a.RequestMappingHandlerMapping : Mapped "{[/CN/my/inbox]}" onto public java.lang.String cn.com.caogen.controller.PageController.CNinbox()
2018-10-19 13:34:48.232  INFO 33756 --- [main] s.w.s.m.m.a.RequestMappingHandlerMapping : Mapped "{[/CN/my/bank_card]}" onto public java.lang.String cn.com.caogen.controller.PageController.CNbank_card()
2018-10-19 13:34:48.232  INFO 33756 --- [main] s.w.s.m.m.a.RequestMappingHandlerMapping : Mapped "{[/CN/currency_exchange/exchange]}" onto public java.lang.String cn.com.caogen.controller.PageController.CNexchange()
2018-10-19 13:34:48.233  INFO 33756 --- [main] s.w.s.m.m.a.RequestMappingHandlerMapping : Mapped "{[/CN/main/pos_bitcoin]}" onto public java.lang.String cn.com.caogen.controller.PageController.CNpos_bitcoin()
2018-10-19 13:34:48.234  INFO 33756 --- [main] s.w.s.m.m.a.RequestMappingHandlerMapping : Mapped "{[/CN/currency_exchange/exchange_list]}" onto public java.lang.String cn.com.caogen.controller.PageController.CNexchange_list()
2018-10-19 13:34:48.234  INFO 33756 --- [main] s.w.s.m.m.a.RequestMappingHandlerMapping : Mapped "{[/CN/more/financial]}" onto public java.lang.String cn.com.caogen.controller.PageController.CNfinancial()
2018-10-19 13:34:48.234  INFO 33756 --- [main] s.w.s.m.m.a.RequestMappingHandlerMapping : Mapped "{[/CN/my/change_phone]}" onto public java.lang.String cn.com.caogen.controller.PageController.CNchange_phone()
2018-10-19 13:34:48.234  INFO 33756 --- [main] s.w.s.m.m.a.RequestMappingHandlerMapping : Mapped "{[/CN/my/my_loan]}" onto public java.lang.String cn.com.caogen.controller.PageController.CNmy_loan()
2018-10-19 13:34:48.235  INFO 33756 --- [main] s.w.s.m.m.a.RequestMappingHandlerMapping : Mapped "{[/EN/login]}" onto public java.lang.String cn.com.caogen.controller.PageController.ENlogin(javax.servlet.http.HttpServletRequest)
2018-10-19 13:34:48.235  INFO 33756 --- [main] s.w.s.m.m.a.RequestMappingHandlerMapping : Mapped "{[/EN/my/authentication]}" onto public java.lang.String cn.com.caogen.controller.PageController.ENauthentication()
2018-10-19 13:34:48.236  INFO 33756 --- [main] s.w.s.m.m.a.RequestMappingHandlerMapping : Mapped "{[/CN/main/pos_Bank]}" onto public java.lang.String cn.com.caogen.controller.PageController.CNpos_Bank()
2018-10-19 13:34:48.236  INFO 33756 --- [main] s.w.s.m.m.a.RequestMappingHandlerMapping : Mapped "{[/CN/main/trans_cash]}" onto public java.lang.String cn.com.caogen.controller.PageController.CNtrans_cash()
2018-10-19 13:34:48.236  INFO 33756 --- [main] s.w.s.m.m.a.RequestMappingHandlerMapping : Mapped "{[/CN/main/pos_cash]}" onto public java.lang.String cn.com.caogen.controller.PageController.CNpos_cash()
2018-10-19 13:34:48.237  INFO 33756 --- [main] s.w.s.m.m.a.RequestMappingHandlerMapping : Mapped "{[/EN/find_psw]}" onto public java.lang.String cn.com.caogen.controller.PageController.ENfind_psw()
2018-10-19 13:34:48.237  INFO 33756 --- [main] s.w.s.m.m.a.RequestMappingHandlerMapping : Mapped "{[/EN/register]}" onto public java.lang.String cn.com.caogen.controller.PageController.ENregister()
2018-10-19 13:34:48.239  INFO 33756 --- [main] s.w.s.m.m.a.RequestMappingHandlerMapping : Mapped "{[/CN/more/life_payment]}" onto public java.lang.String cn.com.caogen.controller.PageController.CNlife_payment()
2018-10-19 13:34:48.239  INFO 33756 --- [main] s.w.s.m.m.a.RequestMappingHandlerMapping : Mapped "{[/CN/my/message]}" onto public java.lang.String cn.com.caogen.controller.PageController.CNmessage()
2018-10-19 13:34:48.240  INFO 33756 --- [main] s.w.s.m.m.a.RequestMappingHandlerMapping : Mapped "{[/CN/nonCardCash/cash_in]}" onto public java.lang.String cn.com.caogen.controller.PageController.CNnonCardCash()
2018-10-19 13:34:48.240  INFO 33756 --- [main] s.w.s.m.m.a.RequestMappingHandlerMapping : Mapped "{[/CN/more/water_charge]}" onto public java.lang.String cn.com.caogen.controller.PageController.CNwater_charge()
2018-10-19 13:34:48.240  INFO 33756 --- [main] s.w.s.m.m.a.RequestMappingHandlerMapping : Mapped "{[/CN/main/pos_Alipay]}" onto public java.lang.String cn.com.caogen.controller.PageController.CNpos_Alipay()
2018-10-19 13:34:48.240  INFO 33756 --- [main] s.w.s.m.m.a.RequestMappingHandlerMapping : Mapped "{[/CN/more/active_list]}" onto public java.lang.String cn.com.caogen.controller.PageController.CNactive_list()
2018-10-19 13:34:48.241  INFO 33756 --- [main] s.w.s.m.m.a.RequestMappingHandlerMapping : Mapped "{[/EN/my/pay_psw]}" onto public java.lang.String cn.com.caogen.controller.PageController.ENpay_psw()
2018-10-19 13:34:48.241  INFO 33756 --- [main] s.w.s.m.m.a.RequestMappingHandlerMapping : Mapped "{[/EN/more/life_payment]}" onto public java.lang.String cn.com.caogen.controller.PageController.ENlife_payment()
2018-10-19 13:34:48.241  INFO 33756 --- [main] s.w.s.m.m.a.RequestMappingHandlerMapping : Mapped "{[/CN/more/phone_charge]}" onto public java.lang.String cn.com.caogen.controller.PageController.CNphone_charge()
2018-10-19 13:34:48.241  INFO 33756 --- [main] s.w.s.m.m.a.RequestMappingHandlerMapping : Mapped "{[/EN/my/my_account]}" onto public java.lang.String cn.com.caogen.controller.PageController.ENmyaccount()
2018-10-19 13:34:48.241  INFO 33756 --- [main] s.w.s.m.m.a.RequestMappingHandlerMapping : Mapped "{[/EN/more/phone_charge]}" onto public java.lang.String cn.com.caogen.controller.PageController.ENphone_charge()
2018-10-19 13:34:48.241  INFO 33756 --- [main] s.w.s.m.m.a.RequestMappingHandlerMapping : Mapped "{[/EN/index]}" onto public java.lang.String cn.com.caogen.controller.PageController.ENindex()
2018-10-19 13:34:48.242  INFO 33756 --- [main] s.w.s.m.m.a.RequestMappingHandlerMapping : Mapped "{[/EN/my/bind_account]}" onto public java.lang.String cn.com.caogen.controller.PageController.ENbind_account()
2018-10-19 13:34:48.242  INFO 33756 --- [main] s.w.s.m.m.a.RequestMappingHandlerMapping : Mapped "{[/EN/more/water_charge]}" onto public java.lang.String cn.com.caogen.controller.PageController.ENwater_charge()
2018-10-19 13:34:48.242  INFO 33756 --- [main] s.w.s.m.m.a.RequestMappingHandlerMapping : Mapped "{[/EN/more/ele_charge]}" onto public java.lang.String cn.com.caogen.controller.PageController.ENele_charge()
2018-10-19 13:34:48.242  INFO 33756 --- [main] s.w.s.m.m.a.RequestMappingHandlerMapping : Mapped "{[/CN/main/foreign_currency]}" onto public java.lang.String cn.com.caogen.controller.PageController.foreign_currency()
2018-10-19 13:34:48.243  INFO 33756 --- [main] s.w.s.m.m.a.RequestMappingHandlerMapping : Mapped "{[/EN/currency_exchange/exchange]}" onto public java.lang.String cn.com.caogen.controller.PageController.ENexchange()
2018-10-19 13:34:48.243  INFO 33756 --- [main] s.w.s.m.m.a.RequestMappingHandlerMapping : Mapped "{[/EN/my/change_phone]}" onto public java.lang.String cn.com.caogen.controller.PageController.ENchange_phone()
2018-10-19 13:34:48.243  INFO 33756 --- [main] s.w.s.m.m.a.RequestMappingHandlerMapping : Mapped "{[/EN/main/pos_Alipay]}" onto public java.lang.String cn.com.caogen.controller.PageController.ENpos_Alipay()
2018-10-19 13:34:48.243  INFO 33756 --- [main] s.w.s.m.m.a.RequestMappingHandlerMapping : Mapped "{[/EN/main/pos_cash]}" onto public java.lang.String cn.com.caogen.controller.PageController.ENpos_cash()
2018-10-19 13:34:48.243  INFO 33756 --- [main] s.w.s.m.m.a.RequestMappingHandlerMapping : Mapped "{[/EN/my/my_loan]}" onto public java.lang.String cn.com.caogen.controller.PageController.ENmy_loan()
2018-10-19 13:34:48.243  INFO 33756 --- [main] s.w.s.m.m.a.RequestMappingHandlerMapping : Mapped "{[/EN/more/financial]}" onto public java.lang.String cn.com.caogen.controller.PageController.ENfinancial()
2018-10-19 13:34:48.244  INFO 33756 --- [main] s.w.s.m.m.a.RequestMappingHandlerMapping : Mapped "{[/EN/main/pos_Bank]}" onto public java.lang.String cn.com.caogen.controller.PageController.ENpos_Bank()
2018-10-19 13:34:48.244  INFO 33756 --- [main] s.w.s.m.m.a.RequestMappingHandlerMapping : Mapped "{[/EN/main/pos_bitcoin]}" onto public java.lang.String cn.com.caogen.controller.PageController.ENpos_bitcoin()
2018-10-19 13:34:48.245  INFO 33756 --- [main] s.w.s.m.m.a.RequestMappingHandlerMapping : Mapped "{[/EN/more/trade_list]}" onto public java.lang.String cn.com.caogen.controller.PageController.ENtrade_list()
2018-10-19 13:34:48.246  INFO 33756 --- [main] s.w.s.m.m.a.RequestMappingHandlerMapping : Mapped "{[/EN/more/trade_history]}" onto public java.lang.String cn.com.caogen.controller.PageController.ENtrade_history()
2018-10-19 13:34:48.247  INFO 33756 --- [main] s.w.s.m.m.a.RequestMappingHandlerMapping : Mapped "{[/EN/currency_exchange/exchange_list]}" onto public java.lang.String cn.com.caogen.controller.PageController.ENexchange_list()
2018-10-19 13:34:48.247  INFO 33756 --- [main] s.w.s.m.m.a.RequestMappingHandlerMapping : Mapped "{[/EN/nonCardCash/cash_in]}" onto public java.lang.String cn.com.caogen.controller.PageController.ENnonCardCash()
2018-10-19 13:34:48.247  INFO 33756 --- [main] s.w.s.m.m.a.RequestMappingHandlerMapping : Mapped "{[/EN/more/active_list]}" onto public java.lang.String cn.com.caogen.controller.PageController.ENactive_list()
2018-10-19 13:34:48.248  INFO 33756 --- [main] s.w.s.m.m.a.RequestMappingHandlerMapping : Mapped "{[/EN/main/trans_cash]}" onto public java.lang.String cn.com.caogen.controller.PageController.ENtrans_cash()
2018-10-19 13:34:48.248  INFO 33756 --- [main] s.w.s.m.m.a.RequestMappingHandlerMapping : Mapped "{[/EN/main/pos_WeChat]}" onto public java.lang.String cn.com.caogen.controller.PageController.ENpos_WeChat()
2018-10-19 13:34:48.248  INFO 33756 --- [main] s.w.s.m.m.a.RequestMappingHandlerMapping : Mapped "{[/CN/main/recharge]}" onto public java.lang.String cn.com.caogen.controller.PageController.CNmainrecharge()
2018-10-19 13:34:48.248  INFO 33756 --- [main] s.w.s.m.m.a.RequestMappingHandlerMapping : Mapped "{[/CN/my/my_account]}" onto public java.lang.String cn.com.caogen.controller.PageController.CNmyaccount()
2018-10-19 13:34:48.248  INFO 33756 --- [main] s.w.s.m.m.a.RequestMappingHandlerMapping : Mapped "{[/CN/my/authentication]}" onto public java.lang.String cn.com.caogen.controller.PageController.CNauthentication()
2018-10-19 13:34:48.249  INFO 33756 --- [main] s.w.s.m.m.a.RequestMappingHandlerMapping : Mapped "{[/CN/my/my_money]}" onto public java.lang.String cn.com.caogen.controller.PageController.CNmy_money()
2018-10-19 13:34:48.249  INFO 33756 --- [main] s.w.s.m.m.a.RequestMappingHandlerMapping : Mapped "{[/CN/my/login_psw]}" onto public java.lang.String cn.com.caogen.controller.PageController.CNlogin_psw()
2018-10-19 13:34:48.249  INFO 33756 --- [main] s.w.s.m.m.a.RequestMappingHandlerMapping : Mapped "{[/CN/find_psw]}" onto public java.lang.String cn.com.caogen.controller.PageController.CNfind_psw()
2018-10-19 13:34:48.249  INFO 33756 --- [main] s.w.s.m.m.a.RequestMappingHandlerMapping : Mapped "{[/goback],methods=[POST]}" onto public void cn.com.caogen.controller.PageController.goBack(javax.servlet.http.HttpServletRequest,java.lang.String,java.lang.String,java.lang.String,javax.servlet.http.HttpServletResponse)
2018-10-19 13:34:48.250  INFO 33756 --- [main] s.w.s.m.m.a.RequestMappingHandlerMapping : Mapped "{[/CN/index]}" onto public java.lang.String cn.com.caogen.controller.PageController.CNindex()
2018-10-19 13:34:48.250  INFO 33756 --- [main] s.w.s.m.m.a.RequestMappingHandlerMapping : Mapped "{[/CN/register]}" onto public java.lang.String cn.com.caogen.controller.PageController.CNregister()
2018-10-19 13:34:48.250  INFO 33756 --- [main] s.w.s.m.m.a.RequestMappingHandlerMapping : Mapped "{[/CN/login]}" onto public java.lang.String cn.com.caogen.controller.PageController.CNlogin(javax.servlet.http.HttpServletRequest)
2018-10-19 13:34:48.250  INFO 33756 --- [main] s.w.s.m.m.a.RequestMappingHandlerMapping : Mapped "{[/CN/main/recharge_form]}" onto public java.lang.String cn.com.caogen.controller.PageController.CNrecharge_form()
2018-10-19 13:34:48.251  INFO 33756 --- [main] s.w.s.m.m.a.RequestMappingHandlerMapping : Mapped "{[/pay/getcash]}" onto public java.lang.String cn.com.caogen.controller.PayController.cash(java.lang.String,javax.servlet.http.HttpServletRequest)
2018-10-19 13:34:48.251  INFO 33756 --- [main] s.w.s.m.m.a.RequestMappingHandlerMapping : Mapped "{[/pay/recharge],methods=[POST]}" onto public void cn.com.caogen.controller.PayController.pay(java.lang.String,java.lang.String,javax.servlet.http.HttpServletResponse,javax.servlet.http.HttpServletRequest)
2018-10-19 13:34:48.252  INFO 33756 --- [main] s.w.s.m.m.a.RequestMappingHandlerMapping : Mapped "{[/rate/getIp],methods=[GET]}" onto public java.lang.String cn.com.caogen.controller.RateController.getIp(javax.servlet.http.HttpServletRequest)
2018-10-19 13:34:48.252  INFO 33756 --- [main] s.w.s.m.m.a.RequestMappingHandlerMapping : Mapped "{[/rate/queryAll],methods=[GET]}" onto public java.lang.String cn.com.caogen.controller.RateController.getRates()
2018-10-19 13:34:48.253  INFO 33756 --- [main] s.w.s.m.m.a.RequestMappingHandlerMapping : Mapped "{[/rate/getSingleRate],methods=[GET]}" onto public java.lang.String cn.com.caogen.controller.RateController.getSingleRate(java.lang.String)
2018-10-19 13:34:48.256  INFO 33756 --- [main] s.w.s.m.m.a.RequestMappingHandlerMapping : Mapped "{[/user/register],methods=[POST]}" onto public java.lang.String cn.com.caogen.controller.UserController.register(java.lang.String,java.lang.String,java.lang.String)
2018-10-19 13:34:48.257  INFO 33756 --- [main] s.w.s.m.m.a.RequestMappingHandlerMapping : Mapped "{[/user/login],methods=[POST]}" onto public java.lang.String cn.com.caogen.controller.UserController.login(java.lang.String,java.lang.String,javax.servlet.http.HttpServletRequest,javax.servlet.http.HttpServletResponse) throws java.lang.Exception
2018-10-19 13:34:48.257  INFO 33756 --- [main] s.w.s.m.m.a.RequestMappingHandlerMapping : Mapped "{[/user/logout]}" onto public java.lang.String cn.com.caogen.controller.UserController.logout(javax.servlet.http.HttpServletRequest)
2018-10-19 13:34:48.257  INFO 33756 --- [main] s.w.s.m.m.a.RequestMappingHandlerMapping : Mapped "{[/user/updatephone],methods=[GET]}" onto public java.lang.String cn.com.caogen.controller.UserController.updatephone(java.lang.String,java.lang.String,javax.servlet.http.HttpServletRequest)
2018-10-19 13:34:48.257  INFO 33756 --- [main] s.w.s.m.m.a.RequestMappingHandlerMapping : Mapped "{[/user/uploadimg],methods=[POST]}" onto public java.lang.String cn.com.caogen.controller.UserController.uploadimg(java.lang.String,javax.servlet.http.HttpServletRequest)
2018-10-19 13:34:48.258  INFO 33756 --- [main] s.w.s.m.m.a.RequestMappingHandlerMapping : Mapped "{[/user/loginResetpwd],methods=[POST]}" onto public java.lang.String cn.com.caogen.controller.UserController.loginResetpwd(java.lang.String,java.lang.String,java.lang.String)
2018-10-19 13:34:48.258  INFO 33756 --- [main] s.w.s.m.m.a.RequestMappingHandlerMapping : Mapped "{[/user/resetpwd],methods=[POST]}" onto public java.lang.String cn.com.caogen.controller.UserController.resetpwd(java.lang.String,java.lang.String)
2018-10-19 13:34:48.258  INFO 33756 --- [main] s.w.s.m.m.a.RequestMappingHandlerMapping : Mapped "{[/user/findpsw],methods=[POST]}" onto public java.lang.String cn.com.caogen.controller.UserController.findpsw(java.lang.String,java.lang.String)
2018-10-19 13:34:48.258  INFO 33756 --- [main] s.w.s.m.m.a.RequestMappingHandlerMapping : Mapped "{[/user/resetpwdmode],methods=[POST]}" onto public java.lang.String cn.com.caogen.controller.UserController.resetpwdmode(java.lang.String,java.lang.String,javax.servlet.http.HttpServletRequest)
2018-10-19 13:34:48.258  INFO 33756 --- [main] s.w.s.m.m.a.RequestMappingHandlerMapping : Mapped "{[/user/authentication],methods=[POST]}" onto public java.lang.String cn.com.caogen.controller.UserController.getuser(java.lang.String,javax.servlet.http.HttpServletRequest)
2018-10-19 13:34:48.259  INFO 33756 --- [main] s.w.s.m.m.a.RequestMappingHandlerMapping : Mapped "{[/user/getuser]}" onto public java.lang.String cn.com.caogen.controller.UserController.getuser(javax.servlet.http.HttpServletRequest)
2018-10-19 13:34:48.259  INFO 33756 --- [main] s.w.s.m.m.a.RequestMappingHandlerMapping : Mapped "{[/user/applyVip],methods=[GET]}" onto public java.lang.String cn.com.caogen.controller.UserController.applyVip(javax.servlet.http.HttpServletRequest)
2018-10-19 13:34:48.259  INFO 33756 --- [main] s.w.s.m.m.a.RequestMappingHandlerMapping : Mapped "{[/user/checkPhone],methods=[POST]}" onto public java.lang.String cn.com.caogen.controller.UserController.checkPhone(java.lang.String)
2018-10-19 13:34:48.260  INFO 33756 --- [main] s.w.s.m.m.a.RequestMappingHandlerMapping : Mapped "{[/util/getIosUrl],methods=[GET]}" onto public java.lang.String cn.com.caogen.controller.UtilController.getIosUrl()
2018-10-19 13:34:48.260  INFO 33756 --- [main] s.w.s.m.m.a.RequestMappingHandlerMapping : Mapped "{[/util/getAndriodUrl],methods=[GET]}" onto public java.lang.String cn.com.caogen.controller.UtilController.getAndriodUrl()
2018-10-19 13:34:48.262  INFO 33756 --- [main] s.w.s.m.m.a.RequestMappingHandlerMapping : Mapped "{[/error]}" onto public org.springframework.http.ResponseEntity<java.util.Map<java.lang.String, java.lang.Object>> org.springframework.boot.autoconfigure.web.servlet.error.BasicErrorController.error(javax.servlet.http.HttpServletRequest)
2018-10-19 13:34:48.264  INFO 33756 --- [main] s.w.s.m.m.a.RequestMappingHandlerMapping : Mapped "{[/error],produces=[text/html]}" onto public org.springframework.web.servlet.ModelAndView org.springframework.boot.autoconfigure.web.servlet.error.BasicErrorController.errorHtml(javax.servlet.http.HttpServletRequest,javax.servlet.http.HttpServletResponse)
2018-10-19 13:34:48.298  INFO 33756 --- [main] o.s.w.s.handler.SimpleUrlHandlerMapping  : Mapped URL path [/webjars/**] onto handler of type [class org.springframework.web.servlet.resource.ResourceHttpRequestHandler]
2018-10-19 13:34:48.299  INFO 33756 --- [main] o.s.w.s.handler.SimpleUrlHandlerMapping  : Mapped URL path [/**] onto handler of type [class org.springframework.web.servlet.resource.ResourceHttpRequestHandler]
2018-10-19 13:34:49.328  INFO 33756 --- [main] c.c.caogen.money.MoneyApplicationTests   : Started MoneyApplicationTests in 4.836 seconds (JVM running for 5.873)
2018-10-19 13:34:49.331  INFO 33756 --- [main] cn.com.caogen.controller.Starup          : run ----------------------
2018-10-19 13:35:10.544  INFO 33756 --- [Thread-3] o.s.w.c.s.GenericWebApplicationContext   : Closing org.springframework.web.context.support.GenericWebApplicationContext@662706a7: startup date [Fri Oct 19 13:34:44 CST 2018]; root of context hierarchy
