2018-10-19 13:39:39.514  INFO 38272 --- [restartedMain] cn.com.caogen.MmanagerApplication        : Starting MmanagerApplication on LLH-USR with PID 38272 (E:\pc\yanqingrepository\mmanager\target\classes started by llh in E:\pc\yanqingrepository\mmanager)
2018-10-19 13:39:39.537  INFO 38272 --- [restartedMain] cn.com.caogen.MmanagerApplication        : No active profile set, falling back to default profiles: default
2018-10-19 13:39:39.659  INFO 38272 --- [restartedMain] ConfigServletWebServerApplicationContext : Refreshing org.springframework.boot.web.servlet.context.AnnotationConfigServletWebServerApplicationContext@60daacf4: startup date [Fri Oct 19 13:39:39 CST 2018]; root of context hierarchy
2018-10-19 13:39:41.077  INFO 38272 --- [restartedMain] .s.d.r.c.RepositoryConfigurationDelegate : Multiple Spring Data modules found, entering strict repository configuration mode!
2018-10-19 13:39:41.740  INFO 38272 --- [restartedMain] trationDelegate$BeanPostProcessorChecker : Bean 'org.springframework.cache.annotation.ProxyCachingConfiguration' of type [org.springframework.cache.annotation.ProxyCachingConfiguration$$EnhancerBySpringCGLIB$$efa7bbb] is not eligible for getting processed by all BeanPostProcessors (for example: not eligible for auto-proxying)
2018-10-19 13:39:41.748  INFO 38272 --- [restartedMain] trationDelegate$BeanPostProcessorChecker : Bean 'org.springframework.transaction.annotation.ProxyTransactionManagementConfiguration' of type [org.springframework.transaction.annotation.ProxyTransactionManagementConfiguration$$EnhancerBySpringCGLIB$$c5e8459d] is not eligible for getting processed by all BeanPostProcessors (for example: not eligible for auto-proxying)
2018-10-19 13:39:41.802  INFO 38272 --- [restartedMain] trationDelegate$BeanPostProcessorChecker : Bean 'org.springframework.boot.autoconfigure.cache.CacheAutoConfiguration' of type [org.springframework.boot.autoconfigure.cache.CacheAutoConfiguration$$EnhancerBySpringCGLIB$$36e405f] is not eligible for getting processed by all BeanPostProcessors (for example: not eligible for auto-proxying)
2018-10-19 13:39:41.821  INFO 38272 --- [restartedMain] trationDelegate$BeanPostProcessorChecker : Bean 'org.springframework.boot.context.properties.ConversionServiceDeducer$Factory' of type [org.springframework.boot.context.properties.ConversionServiceDeducer$Factory] is not eligible for getting processed by all BeanPostProcessors (for example: not eligible for auto-proxying)
2018-10-19 13:39:41.824  INFO 38272 --- [restartedMain] trationDelegate$BeanPostProcessorChecker : Bean 'spring.cache-org.springframework.boot.autoconfigure.cache.CacheProperties' of type [org.springframework.boot.autoconfigure.cache.CacheProperties] is not eligible for getting processed by all BeanPostProcessors (for example: not eligible for auto-proxying)
2018-10-19 13:39:41.829  INFO 38272 --- [restartedMain] trationDelegate$BeanPostProcessorChecker : Bean 'cacheManagerCustomizers' of type [org.springframework.boot.autoconfigure.cache.CacheManagerCustomizers] is not eligible for getting processed by all BeanPostProcessors (for example: not eligible for auto-proxying)
2018-10-19 13:39:41.833  INFO 38272 --- [restartedMain] trationDelegate$BeanPostProcessorChecker : Bean 'org.springframework.boot.autoconfigure.cache.RedisCacheConfiguration' of type [org.springframework.boot.autoconfigure.cache.RedisCacheConfiguration$$EnhancerBySpringCGLIB$$b3ffdcb9] is not eligible for getting processed by all BeanPostProcessors (for example: not eligible for auto-proxying)
2018-10-19 13:39:41.852  INFO 38272 --- [restartedMain] trationDelegate$BeanPostProcessorChecker : Bean 'spring.redis-org.springframework.boot.autoconfigure.data.redis.RedisProperties' of type [org.springframework.boot.autoconfigure.data.redis.RedisProperties] is not eligible for getting processed by all BeanPostProcessors (for example: not eligible for auto-proxying)
2018-10-19 13:39:41.858  INFO 38272 --- [restartedMain] trationDelegate$BeanPostProcessorChecker : Bean 'org.springframework.boot.autoconfigure.data.redis.LettuceConnectionConfiguration' of type [org.springframework.boot.autoconfigure.data.redis.LettuceConnectionConfiguration$$EnhancerBySpringCGLIB$$db0203e7] is not eligible for getting processed by all BeanPostProcessors (for example: not eligible for auto-proxying)
2018-10-19 13:39:41.984  INFO 38272 --- [restartedMain] trationDelegate$BeanPostProcessorChecker : Bean 'lettuceClientResources' of type [io.lettuce.core.resource.DefaultClientResources] is not eligible for getting processed by all BeanPostProcessors (for example: not eligible for auto-proxying)
2018-10-19 13:39:42.173  INFO 38272 --- [restartedMain] trationDelegate$BeanPostProcessorChecker : Bean 'redisConnectionFactory' of type [org.springframework.data.redis.connection.lettuce.LettuceConnectionFactory] is not eligible for getting processed by all BeanPostProcessors (for example: not eligible for auto-proxying)
2018-10-19 13:39:42.205  INFO 38272 --- [restartedMain] trationDelegate$BeanPostProcessorChecker : Bean 'cacheManager' of type [org.springframework.data.redis.cache.RedisCacheManager] is not eligible for getting processed by all BeanPostProcessors (for example: not eligible for auto-proxying)
2018-10-19 13:39:42.207  INFO 38272 --- [restartedMain] trationDelegate$BeanPostProcessorChecker : Bean 'cacheAutoConfigurationValidator' of type [org.springframework.boot.autoconfigure.cache.CacheAutoConfiguration$CacheManagerValidator] is not eligible for getting processed by all BeanPostProcessors (for example: not eligible for auto-proxying)
2018-10-19 13:39:43.040  INFO 38272 --- [restartedMain] o.s.b.w.embedded.tomcat.TomcatWebServer  : Tomcat initialized with port(s): 8081 (http)
2018-10-19 13:39:43.075  INFO 38272 --- [restartedMain] o.apache.catalina.core.StandardService   : Starting service [Tomcat]
2018-10-19 13:39:43.076  INFO 38272 --- [restartedMain] org.apache.catalina.core.StandardEngine  : Starting Servlet Engine: Apache Tomcat/8.5.29
2018-10-19 13:39:43.090  INFO 38272 --- [localhost-startStop-1] o.a.catalina.core.AprLifecycleListener   : The APR based Apache Tomcat Native library which allows optimal performance in production environments was not found on the java.library.path: [C:\Program Files\Java\jdk1.8.0_151\bin;C:\WINDOWS\Sun\Java\bin;C:\WINDOWS\system32;C:\WINDOWS;C:\ProgramData\Oracle\Java\javapath;C:\Windows\system32;C:\Windows;C:\Windows\System32\Wbem;C:\Windows\System32\WindowsPowerShell\v1.0\;C:\Program Files\Java\jdk1.8.0_151\bin;C:\Program Files\Java\jdk1.8.0_151\jre\bin;C:\Program Files (x86)\NVIDIA Corporation\PhysX\Common;D:\UPUPW_AP5.6-1510\UPUPW_AP5.6\PHP5;C:\Program Files (x86)\ClockworkMod\Universal Adb Driver\;D:\Python\Scripts;D:\QT\Qt5.5.1\5.5\msvc2013_64\bin;D:\QT\Qt5.5.1\Tools\QtCreator\bin;C:\Program Files\Common Files\Autodesk Shared\;C:\Program Files (x86)\Autodesk\Backburner\;C:\Program Files\dotnet\;C:\Program Files (x86)\QuickTime\QTSystem\;C:\WINDOWS\system32;C:\WINDOWS;C:\WINDOWS\System32\Wbem;C:\WINDOWS\System32\WindowsPowerShell\v1.0\;G:\project\apache-maven-3.5.3-bin\apache-maven-3.5.3\bin;C:\Program Files\TortoiseSVN\bin;C:\Program Files\Git\cmd;C:\WINDOWS\System32\OpenSSH\;F:\tools\hadoop-2.9.0\hadoop-2.9.0\bin;C:\Program Files\nodejs\;C:\Users\llh\AppData\Local\GitHubDesktop\bin;C:\Users\llh\AppData\Roaming\npm;F:\js\Microsoft VS Code\bin;.]
2018-10-19 13:39:43.315  INFO 38272 --- [localhost-startStop-1] o.a.c.c.C.[Tomcat].[localhost].[/]       : Initializing Spring embedded WebApplicationContext
2018-10-19 13:39:43.315  INFO 38272 --- [localhost-startStop-1] o.s.web.context.ContextLoader            : Root WebApplicationContext: initialization completed in 3656 ms
2018-10-19 13:39:43.553  INFO 38272 --- [localhost-startStop-1] o.s.b.w.servlet.FilterRegistrationBean   : Mapping filter: 'characterEncodingFilter' to: [/*]
2018-10-19 13:39:43.553  INFO 38272 --- [localhost-startStop-1] o.s.b.w.servlet.FilterRegistrationBean   : Mapping filter: 'hiddenHttpMethodFilter' to: [/*]
2018-10-19 13:39:43.554  INFO 38272 --- [localhost-startStop-1] o.s.b.w.servlet.FilterRegistrationBean   : Mapping filter: 'httpPutFormContentFilter' to: [/*]
2018-10-19 13:39:43.554  INFO 38272 --- [localhost-startStop-1] o.s.b.w.servlet.FilterRegistrationBean   : Mapping filter: 'requestContextFilter' to: [/*]
2018-10-19 13:39:43.555  INFO 38272 --- [localhost-startStop-1] o.s.b.w.servlet.FilterRegistrationBean   : Mapping filter: 'systemFilter' to: [/*]
2018-10-19 13:39:43.556  INFO 38272 --- [localhost-startStop-1] o.s.b.w.servlet.ServletRegistrationBean  : Servlet dispatcherServlet mapped to [/]
2018-10-19 13:39:44.556  INFO 38272 --- [restartedMain] o.s.w.s.handler.SimpleUrlHandlerMapping  : Mapped URL path [/**/favicon.ico] onto handler of type [class org.springframework.web.servlet.resource.ResourceHttpRequestHandler]
2018-10-19 13:39:44.841  INFO 38272 --- [restartedMain] s.w.s.m.m.a.RequestMappingHandlerAdapter : Looking for @ControllerAdvice: org.springframework.boot.web.servlet.context.AnnotationConfigServletWebServerApplicationContext@60daacf4: startup date [Fri Oct 19 13:39:39 CST 2018]; root of context hierarchy
2018-10-19 13:39:44.918  INFO 38272 --- [restartedMain] s.w.s.m.m.a.RequestMappingHandlerMapping : Mapped "{[/appliy/queryAll],methods=[GET]}" onto public java.lang.String cn.com.caogen.controller.AppliyController.queryAll(javax.servlet.http.HttpServletRequest)
2018-10-19 13:39:44.920  INFO 38272 --- [restartedMain] s.w.s.m.m.a.RequestMappingHandlerMapping : Mapped "{[/authoirty/add],methods=[POST]}" onto public java.lang.String cn.com.caogen.controller.AuthoirtyController.add(java.lang.String,java.lang.String,javax.servlet.http.HttpServletRequest)
2018-10-19 13:39:44.920  INFO 38272 --- [restartedMain] s.w.s.m.m.a.RequestMappingHandlerMapping : Mapped "{[/authoirty/update],methods=[POST]}" onto public java.lang.String cn.com.caogen.controller.AuthoirtyController.update(java.lang.String,java.lang.String,java.lang.String,javax.servlet.http.HttpServletRequest)
2018-10-19 13:39:44.921  INFO 38272 --- [restartedMain] s.w.s.m.m.a.RequestMappingHandlerMapping : Mapped "{[/authoirty/delete],methods=[GET]}" onto public java.lang.String cn.com.caogen.controller.AuthoirtyController.delete(java.lang.String,javax.servlet.http.HttpServletRequest)
2018-10-19 13:39:44.921  INFO 38272 --- [restartedMain] s.w.s.m.m.a.RequestMappingHandlerMapping : Mapped "{[/authoirty/queryAll],methods=[GET]}" onto public java.lang.String cn.com.caogen.controller.AuthoirtyController.queryAll(javax.servlet.http.HttpServletRequest)
2018-10-19 13:39:44.922  INFO 38272 --- [restartedMain] s.w.s.m.m.a.RequestMappingHandlerMapping : Mapped "{[/bank/queryAll],methods=[GET]}" onto public java.lang.String cn.com.caogen.controller.BankController.queryAll(javax.servlet.http.HttpServletRequest)
2018-10-19 13:39:44.923  INFO 38272 --- [restartedMain] s.w.s.m.m.a.RequestMappingHandlerMapping : Mapped "{[/borrow/add],methods=[POST]}" onto public java.lang.String cn.com.caogen.controller.BorrowController.add(java.lang.String,javax.servlet.http.HttpServletRequest)
2018-10-19 13:39:44.923  INFO 38272 --- [restartedMain] s.w.s.m.m.a.RequestMappingHandlerMapping : Mapped "{[/borrow/confirmdo],methods=[POST]}" onto public java.lang.String cn.com.caogen.controller.BorrowController.confirmdo(int,javax.servlet.http.HttpServletRequest)
2018-10-19 13:39:44.923  INFO 38272 --- [restartedMain] s.w.s.m.m.a.RequestMappingHandlerMapping : Mapped "{[/borrow/queryAll],methods=[GET]}" onto public java.lang.String cn.com.caogen.controller.BorrowController.queryAll(int,javax.servlet.http.HttpServletRequest)
2018-10-19 13:39:44.924  INFO 38272 --- [restartedMain] s.w.s.m.m.a.RequestMappingHandlerMapping : Mapped "{[/cashpool/queryProf],methods=[GET]}" onto public java.lang.String cn.com.caogen.controller.CashPoolController.queryProf(javax.servlet.http.HttpServletRequest)
2018-10-19 13:39:44.924  INFO 38272 --- [restartedMain] s.w.s.m.m.a.RequestMappingHandlerMapping : Mapped "{[/cashpool/initCashPool],methods=[POST]}" onto public java.lang.String cn.com.caogen.controller.CashPoolController.initCashPool(java.lang.String,double,int,java.lang.String,javax.servlet.http.HttpServletRequest)
2018-10-19 13:39:44.924  INFO 38272 --- [restartedMain] s.w.s.m.m.a.RequestMappingHandlerMapping : Mapped "{[/cashpool/queryScope],methods=[GET]}" onto public java.lang.String cn.com.caogen.controller.CashPoolController.queryScope(java.lang.String,java.lang.String,java.lang.String,java.lang.String,javax.servlet.http.HttpServletRequest)
2018-10-19 13:39:44.925  INFO 38272 --- [restartedMain] s.w.s.m.m.a.RequestMappingHandlerMapping : Mapped "{[/cashpool/exchange],methods=[POST]}" onto public java.lang.String cn.com.caogen.controller.CashPoolController.exchange(java.lang.String,java.lang.String,java.lang.Double,java.lang.Double,java.lang.String,java.lang.String,java.lang.String,java.lang.String,java.lang.String,java.lang.String,java.lang.String,javax.servlet.http.HttpServletRequest)
2018-10-19 13:39:44.925  INFO 38272 --- [restartedMain] s.w.s.m.m.a.RequestMappingHandlerMapping : Mapped "{[/cashpool/queryAll],methods=[GET]}" onto public java.lang.String cn.com.caogen.controller.CashPoolController.queryAll(java.lang.String,javax.servlet.http.HttpServletRequest)
2018-10-19 13:39:44.928  INFO 38272 --- [restartedMain] s.w.s.m.m.a.RequestMappingHandlerMapping : Mapped "{[/count/queryCount],methods=[GET]}" onto public java.lang.String cn.com.caogen.controller.CountController.queryCount(java.lang.String,javax.servlet.http.HttpServletRequest)
2018-10-19 13:39:44.929  INFO 38272 --- [restartedMain] s.w.s.m.m.a.RequestMappingHandlerMapping : Mapped "{[/count/startOrstopCount],methods=[POST]}" onto public java.lang.String cn.com.caogen.controller.CountController.startOrstopcount(java.lang.String,java.lang.String,javax.servlet.http.HttpServletRequest)
2018-10-19 13:39:44.929  INFO 38272 --- [restartedMain] s.w.s.m.m.a.RequestMappingHandlerMapping : Mapped "{[/count/inMoney],methods=[POST]}" onto public java.lang.String cn.com.caogen.controller.CountController.inMoney(java.lang.String,javax.servlet.http.HttpServletRequest,java.lang.String,java.lang.String,java.lang.String)
2018-10-19 13:39:44.930  INFO 38272 --- [restartedMain] s.w.s.m.m.a.RequestMappingHandlerMapping : Mapped "{[/count/outMoney],methods=[POST]}" onto public java.lang.String cn.com.caogen.controller.CountController.outMoney(java.lang.String,javax.servlet.http.HttpServletRequest,java.lang.String,java.lang.String,java.lang.String,java.lang.String)
2018-10-19 13:39:44.931  INFO 38272 --- [restartedMain] s.w.s.m.m.a.RequestMappingHandlerMapping : Mapped "{[/count/queryAllCount],methods=[GET]}" onto public java.lang.String cn.com.caogen.controller.CountController.queryAllCount(javax.servlet.http.HttpServletRequest)
2018-10-19 13:39:44.931  INFO 38272 --- [restartedMain] s.w.s.m.m.a.RequestMappingHandlerMapping : Mapped "{[/count/queryMoneyType],methods=[GET]}" onto public java.lang.String cn.com.caogen.controller.CountController.getMoneyType(javax.servlet.http.HttpServletRequest)
2018-10-19 13:39:44.931  INFO 38272 --- [restartedMain] s.w.s.m.m.a.RequestMappingHandlerMapping : Mapped "{[/count/checkPhone],methods=[POST]}" onto public java.lang.String cn.com.caogen.controller.CountController.checkPhone(java.lang.String,javax.servlet.http.HttpServletRequest)
2018-10-19 13:39:44.931  INFO 38272 --- [restartedMain] s.w.s.m.m.a.RequestMappingHandlerMapping : Mapped "{[/count/printTicket],methods=[POST]}" onto public java.lang.String cn.com.caogen.controller.CountController.printTicket(java.lang.String,javax.servlet.http.HttpServletRequest,java.lang.String)
2018-10-19 13:39:44.932  INFO 38272 --- [restartedMain] s.w.s.m.m.a.RequestMappingHandlerMapping : Mapped "{[/count/queryblancebyType],methods=[GET]}" onto public java.lang.String cn.com.caogen.controller.CountController.queryblancebyType(javax.servlet.http.HttpServletRequest)
2018-10-19 13:39:44.933  INFO 38272 --- [restartedMain] s.w.s.m.m.a.RequestMappingHandlerMapping : Mapped "{[/loss/add],methods=[POST]}" onto public java.lang.String cn.com.caogen.controller.LossController.add(int,java.lang.String,java.lang.String,java.lang.Double,java.lang.String,javax.servlet.http.HttpServletRequest) throws java.lang.Exception
2018-10-19 13:39:44.933  INFO 38272 --- [restartedMain] s.w.s.m.m.a.RequestMappingHandlerMapping : Mapped "{[/loss/queryAll],methods=[GET]}" onto public java.lang.String cn.com.caogen.controller.LossController.queryAll(javax.servlet.http.HttpServletRequest) throws java.lang.Exception
2018-10-19 13:39:44.934  INFO 38272 --- [restartedMain] s.w.s.m.m.a.RequestMappingHandlerMapping : Mapped "{[/message/query]}" onto public java.lang.String cn.com.caogen.controller.MessageController.query(javax.servlet.http.HttpServletRequest)
2018-10-19 13:39:44.935  INFO 38272 --- [restartedMain] s.w.s.m.m.a.RequestMappingHandlerMapping : Mapped "{[/message/querydoing],methods=[GET]}" onto public java.lang.String cn.com.caogen.controller.MessageController.querydoing(javax.servlet.http.HttpServletRequest)
2018-10-19 13:39:44.935  INFO 38272 --- [restartedMain] s.w.s.m.m.a.RequestMappingHandlerMapping : Mapped "{[/message/queryrefuse],methods=[GET]}" onto public java.lang.String cn.com.caogen.controller.MessageController.queryrefuse(javax.servlet.http.HttpServletRequest)
2018-10-19 13:39:44.935  INFO 38272 --- [restartedMain] s.w.s.m.m.a.RequestMappingHandlerMapping : Mapped "{[/message/refuesemessage],methods=[POST]}" onto public java.lang.String cn.com.caogen.controller.MessageController.refuesemessage(int,javax.servlet.http.HttpServletRequest)
2018-10-19 13:39:44.935  INFO 38272 --- [restartedMain] s.w.s.m.m.a.RequestMappingHandlerMapping : Mapped "{[/message/accessmessage],methods=[POST]}" onto public java.lang.String cn.com.caogen.controller.MessageController.domessage(int,javax.servlet.http.HttpServletRequest)
2018-10-19 13:39:44.935  INFO 38272 --- [restartedMain] s.w.s.m.m.a.RequestMappingHandlerMapping : Mapped "{[/message/queryaccess],methods=[GET]}" onto public java.lang.String cn.com.caogen.controller.MessageController.queryaccess(javax.servlet.http.HttpServletRequest)
2018-10-19 13:39:44.937  INFO 38272 --- [restartedMain] s.w.s.m.m.a.RequestMappingHandlerMapping : Mapped "{[/muser/add],methods=[POST]}" onto public java.lang.String cn.com.caogen.controller.MuserController.add(java.lang.String,java.lang.String,java.lang.String,java.lang.String,javax.servlet.http.HttpServletRequest)
2018-10-19 13:39:44.938  INFO 38272 --- [restartedMain] s.w.s.m.m.a.RequestMappingHandlerMapping : Mapped "{[/muser/restPwd],methods=[POST]}" onto public java.lang.String cn.com.caogen.controller.MuserController.update(java.lang.String,java.lang.String,javax.servlet.http.HttpServletRequest)
2018-10-19 13:39:44.938  INFO 38272 --- [restartedMain] s.w.s.m.m.a.RequestMappingHandlerMapping : Mapped "{[/muser/getUser],methods=[GET]}" onto public java.lang.String cn.com.caogen.controller.MuserController.getUser(javax.servlet.http.HttpServletRequest)
2018-10-19 13:39:44.938  INFO 38272 --- [restartedMain] s.w.s.m.m.a.RequestMappingHandlerMapping : Mapped "{[/muser/login],methods=[POST]}" onto public java.lang.String cn.com.caogen.controller.MuserController.login(java.lang.String,java.lang.String,javax.servlet.http.HttpServletRequest,javax.servlet.http.HttpServletResponse)
2018-10-19 13:39:44.938  INFO 38272 --- [restartedMain] s.w.s.m.m.a.RequestMappingHandlerMapping : Mapped "{[/muser/logout],methods=[GET]}" onto public java.lang.String cn.com.caogen.controller.MuserController.logout(javax.servlet.http.HttpServletRequest)
2018-10-19 13:39:44.939  INFO 38272 --- [restartedMain] s.w.s.m.m.a.RequestMappingHandlerMapping : Mapped "{[/muser/batchdelete],methods=[GET]}" onto public java.lang.String cn.com.caogen.controller.MuserController.batchdelete(java.lang.String,javax.servlet.http.HttpServletRequest)
2018-10-19 13:39:44.939  INFO 38272 --- [restartedMain] s.w.s.m.m.a.RequestMappingHandlerMapping : Mapped "{[/muser/queryAll],methods=[GET]}" onto public java.lang.String cn.com.caogen.controller.MuserController.queryAll(javax.servlet.http.HttpServletRequest)
2018-10-19 13:39:44.940  INFO 38272 --- [restartedMain] s.w.s.m.m.a.RequestMappingHandlerMapping : Mapped "{[/opera/queryByquarter],methods=[GET]}" onto public java.lang.String cn.com.caogen.controller.OperaController.queryByquarter(java.lang.String,javax.servlet.http.HttpServletRequest)
2018-10-19 13:39:44.941  INFO 38272 --- [restartedMain] s.w.s.m.m.a.RequestMappingHandlerMapping : Mapped "{[/opera/queryByDay],methods=[GET]}" onto public java.lang.String cn.com.caogen.controller.OperaController.queryByDay(java.lang.String,javax.servlet.http.HttpServletRequest)
2018-10-19 13:39:44.941  INFO 38272 --- [restartedMain] s.w.s.m.m.a.RequestMappingHandlerMapping : Mapped "{[/opera/queryByMonth],methods=[GET]}" onto public java.lang.String cn.com.caogen.controller.OperaController.queryByMonth(java.lang.String,javax.servlet.http.HttpServletRequest)
2018-10-19 13:39:44.941  INFO 38272 --- [restartedMain] s.w.s.m.m.a.RequestMappingHandlerMapping : Mapped "{[/opera/queryByYear],methods=[GET]}" onto public java.lang.String cn.com.caogen.controller.OperaController.queryByYear(java.lang.String,javax.servlet.http.HttpServletRequest)
2018-10-19 13:39:44.942  INFO 38272 --- [restartedMain] s.w.s.m.m.a.RequestMappingHandlerMapping : Mapped "{[/opera/queryCashLog],methods=[GET]}" onto public java.lang.String cn.com.caogen.controller.OperaController.queryCashLog(javax.servlet.http.HttpServletRequest)
2018-10-19 13:39:44.942  INFO 38272 --- [restartedMain] s.w.s.m.m.a.RequestMappingHandlerMapping : Mapped "{[/opera/queryByWeek],methods=[GET]}" onto public java.lang.String cn.com.caogen.controller.OperaController.queryByWeek(java.lang.String,javax.servlet.http.HttpServletRequest)
2018-10-19 13:39:44.942  INFO 38272 --- [restartedMain] s.w.s.m.m.a.RequestMappingHandlerMapping : Mapped "{[/opera/datarecover],methods=[POST]}" onto public java.lang.String cn.com.caogen.controller.OperaController.datarecover(java.lang.String,javax.servlet.http.HttpServletRequest)
2018-10-19 13:39:44.943  INFO 38272 --- [restartedMain] s.w.s.m.m.a.RequestMappingHandlerMapping : Mapped "{[/opera/queryoperacount],methods=[GET]}" onto public java.lang.String cn.com.caogen.controller.OperaController.queryoperacount(int,javax.servlet.http.HttpServletRequest)
2018-10-19 13:39:44.943  INFO 38272 --- [restartedMain] s.w.s.m.m.a.RequestMappingHandlerMapping : Mapped "{[/opera/queryoperatype],methods=[GET]}" onto public java.lang.String cn.com.caogen.controller.OperaController.queryoperatype(int,javax.servlet.http.HttpServletRequest)
2018-10-19 13:39:44.943  INFO 38272 --- [restartedMain] s.w.s.m.m.a.RequestMappingHandlerMapping : Mapped "{[/opera/queryAll],methods=[GET]}" onto public java.lang.String cn.com.caogen.controller.OperaController.queryAll(javax.servlet.http.HttpServletRequest)
2018-10-19 13:39:44.947  INFO 38272 --- [restartedMain] s.w.s.m.m.a.RequestMappingHandlerMapping : Mapped "{[/index]}" onto public java.lang.String cn.com.caogen.controller.PageController.index()
2018-10-19 13:39:44.947  INFO 38272 --- [restartedMain] s.w.s.m.m.a.RequestMappingHandlerMapping : Mapped "{[/oplog/log]}" onto public java.lang.String cn.com.caogen.controller.PageController.log()
2018-10-19 13:39:44.948  INFO 38272 --- [restartedMain] s.w.s.m.m.a.RequestMappingHandlerMapping : Mapped "{[/incomeAnalysis/month]}" onto public java.lang.String cn.com.caogen.controller.PageController.month()
2018-10-19 13:39:44.948  INFO 38272 --- [restartedMain] s.w.s.m.m.a.RequestMappingHandlerMapping : Mapped "{[/login]}" onto public java.lang.String cn.com.caogen.controller.PageController.login()
2018-10-19 13:39:44.948  INFO 38272 --- [restartedMain] s.w.s.m.m.a.RequestMappingHandlerMapping : Mapped "{[/manage/manage_role]}" onto public java.lang.String cn.com.caogen.controller.PageController.manage_role()
2018-10-19 13:39:44.948  INFO 38272 --- [restartedMain] s.w.s.m.m.a.RequestMappingHandlerMapping : Mapped "{[/member/alipay_list]}" onto public java.lang.String cn.com.caogen.controller.PageController.alipay_list()
2018-10-19 13:39:44.948  INFO 38272 --- [restartedMain] s.w.s.m.m.a.RequestMappingHandlerMapping : Mapped "{[/cashmanage/cash_out]}" onto public java.lang.String cn.com.caogen.controller.PageController.cash_out()
2018-10-19 13:39:44.949  INFO 38272 --- [restartedMain] s.w.s.m.m.a.RequestMappingHandlerMapping : Mapped "{[/manage/manage_list]}" onto public java.lang.String cn.com.caogen.controller.PageController.manage_list()
2018-10-19 13:39:44.949  INFO 38272 --- [restartedMain] s.w.s.m.m.a.RequestMappingHandlerMapping : Mapped "{[/member/opera_log]}" onto public java.lang.String cn.com.caogen.controller.PageController.opera_log()
2018-10-19 13:39:44.949  INFO 38272 --- [restartedMain] s.w.s.m.m.a.RequestMappingHandlerMapping : Mapped "{[/msgNotify/transfer_apply]}" onto public java.lang.String cn.com.caogen.controller.PageController.transfer_apply()
2018-10-19 13:39:44.949  INFO 38272 --- [restartedMain] s.w.s.m.m.a.RequestMappingHandlerMapping : Mapped "{[/manage/manage_power]}" onto public java.lang.String cn.com.caogen.controller.PageController.manage_power()
2018-10-19 13:39:44.949  INFO 38272 --- [restartedMain] s.w.s.m.m.a.RequestMappingHandlerMapping : Mapped "{[/manage/add_role]}" onto public java.lang.String cn.com.caogen.controller.PageController.add_role()
2018-10-19 13:39:44.949  INFO 38272 --- [restartedMain] s.w.s.m.m.a.RequestMappingHandlerMapping : Mapped "{[/incomeAnalysis/quarter]}" onto public java.lang.String cn.com.caogen.controller.PageController.quarter()
2018-10-19 13:39:44.950  INFO 38272 --- [restartedMain] s.w.s.m.m.a.RequestMappingHandlerMapping : Mapped "{[/spentAnalysis/month]}" onto public java.lang.String cn.com.caogen.controller.PageController.spentmonth()
2018-10-19 13:39:44.950  INFO 38272 --- [restartedMain] s.w.s.m.m.a.RequestMappingHandlerMapping : Mapped "{[/spentAnalysis/week]}" onto public java.lang.String cn.com.caogen.controller.PageController.spentweek()
2018-10-19 13:39:44.950  INFO 38272 --- [restartedMain] s.w.s.m.m.a.RequestMappingHandlerMapping : Mapped "{[/mainframe]}" onto public java.lang.String cn.com.caogen.controller.PageController.mainframe()
2018-10-19 13:39:44.950  INFO 38272 --- [restartedMain] s.w.s.m.m.a.RequestMappingHandlerMapping : Mapped "{[/member/member_list]}" onto public java.lang.String cn.com.caogen.controller.PageController.member_list()
2018-10-19 13:39:44.950  INFO 38272 --- [restartedMain] s.w.s.m.m.a.RequestMappingHandlerMapping : Mapped "{[/cashmanage/cash_change]}" onto public java.lang.String cn.com.caogen.controller.PageController.cash_change()
2018-10-19 13:39:44.951  INFO 38272 --- [restartedMain] s.w.s.m.m.a.RequestMappingHandlerMapping : Mapped "{[/cashmanage/cashtrade_list]}" onto public java.lang.String cn.com.caogen.controller.PageController.cashtrade_list()
2018-10-19 13:39:44.951  INFO 38272 --- [restartedMain] s.w.s.m.m.a.RequestMappingHandlerMapping : Mapped "{[/manage/changeinfo]}" onto public java.lang.String cn.com.caogen.controller.PageController.changeinfo()
2018-10-19 13:39:44.953  INFO 38272 --- [restartedMain] s.w.s.m.m.a.RequestMappingHandlerMapping : Mapped "{[/incomeAnalysis/week]}" onto public java.lang.String cn.com.caogen.controller.PageController.week()
2018-10-19 13:39:44.953  INFO 38272 --- [restartedMain] s.w.s.m.m.a.RequestMappingHandlerMapping : Mapped "{[/cashmanage/cash_in]}" onto public java.lang.String cn.com.caogen.controller.PageController.cash_in()
2018-10-19 13:39:44.953  INFO 38272 --- [restartedMain] s.w.s.m.m.a.RequestMappingHandlerMapping : Mapped "{[/msgNotify/recharge_record]}" onto public java.lang.String cn.com.caogen.controller.PageController.recharge_record()
2018-10-19 13:39:44.953  INFO 38272 --- [restartedMain] s.w.s.m.m.a.RequestMappingHandlerMapping : Mapped "{[/manage/changepsw]}" onto public java.lang.String cn.com.caogen.controller.PageController.changepsw()
2018-10-19 13:39:44.953  INFO 38272 --- [restartedMain] s.w.s.m.m.a.RequestMappingHandlerMapping : Mapped "{[/member/bankcard_list]}" onto public java.lang.String cn.com.caogen.controller.PageController.bankcard_list()
2018-10-19 13:39:44.954  INFO 38272 --- [restartedMain] s.w.s.m.m.a.RequestMappingHandlerMapping : Mapped "{[/member/account_list]}" onto public java.lang.String cn.com.caogen.controller.PageController.account_list()
2018-10-19 13:39:44.954  INFO 38272 --- [restartedMain] s.w.s.m.m.a.RequestMappingHandlerMapping : Mapped "{[/msgNotify/cash_apply]}" onto public java.lang.String cn.com.caogen.controller.PageController.cash_apply()
2018-10-19 13:39:44.954  INFO 38272 --- [restartedMain] s.w.s.m.m.a.RequestMappingHandlerMapping : Mapped "{[/capitalbank/capital_bank]}" onto public java.lang.String cn.com.caogen.controller.PageController.capital_bank()
2018-10-19 13:39:44.954  INFO 38272 --- [restartedMain] s.w.s.m.m.a.RequestMappingHandlerMapping : Mapped "{[/capitalbank/cash_bank]}" onto public java.lang.String cn.com.caogen.controller.PageController.cash_bank()
2018-10-19 13:39:44.954  INFO 38272 --- [restartedMain] s.w.s.m.m.a.RequestMappingHandlerMapping : Mapped "{[/exchangeRate/rate_change]}" onto public java.lang.String cn.com.caogen.controller.PageController.rate_change()
2018-10-19 13:39:44.954  INFO 38272 --- [restartedMain] s.w.s.m.m.a.RequestMappingHandlerMapping : Mapped "{[/appmanage/announcement]}" onto public java.lang.String cn.com.caogen.controller.PageController.announcement()
2018-10-19 13:39:44.954  INFO 38272 --- [restartedMain] s.w.s.m.m.a.RequestMappingHandlerMapping : Mapped "{[/loanManage/guarantee_list]}" onto public java.lang.String cn.com.caogen.controller.PageController.guarantee_list()
2018-10-19 13:39:44.955  INFO 38272 --- [restartedMain] s.w.s.m.m.a.RequestMappingHandlerMapping : Mapped "{[/capitalbank/add_profit_fp]}" onto public java.lang.String cn.com.caogen.controller.PageController.add_profit_fp()
2018-10-19 13:39:44.955  INFO 38272 --- [restartedMain] s.w.s.m.m.a.RequestMappingHandlerMapping : Mapped "{[/network/add_network]}" onto public java.lang.String cn.com.caogen.controller.PageController.add_network()
2018-10-19 13:39:44.955  INFO 38272 --- [restartedMain] s.w.s.m.m.a.RequestMappingHandlerMapping : Mapped "{[/loanManage/loan_list]}" onto public java.lang.String cn.com.caogen.controller.PageController.loan_list()
2018-10-19 13:39:44.955  INFO 38272 --- [restartedMain] s.w.s.m.m.a.RequestMappingHandlerMapping : Mapped "{[/spentAnalysis/quarter]}" onto public java.lang.String cn.com.caogen.controller.PageController.spentquarter()
2018-10-19 13:39:44.955  INFO 38272 --- [restartedMain] s.w.s.m.m.a.RequestMappingHandlerMapping : Mapped "{[/capitalbank/add_dailyloss]}" onto public java.lang.String cn.com.caogen.controller.PageController.add_dailyloss()
2018-10-19 13:39:44.955  INFO 38272 --- [restartedMain] s.w.s.m.m.a.RequestMappingHandlerMapping : Mapped "{[/appmanage/iosurl]}" onto public java.lang.String cn.com.caogen.controller.PageController.iosurl()
2018-10-19 13:39:44.955  INFO 38272 --- [restartedMain] s.w.s.m.m.a.RequestMappingHandlerMapping : Mapped "{[/tast/tast_nodeal]}" onto public java.lang.String cn.com.caogen.controller.PageController.tast_nodeal()
2018-10-19 13:39:44.956  INFO 38272 --- [restartedMain] s.w.s.m.m.a.RequestMappingHandlerMapping : Mapped "{[/appmanage/androidurl]}" onto public java.lang.String cn.com.caogen.controller.PageController.androidurl()
2018-10-19 13:39:44.956  INFO 38272 --- [restartedMain] s.w.s.m.m.a.RequestMappingHandlerMapping : Mapped "{[/cashmanage/data_recovery]}" onto public java.lang.String cn.com.caogen.controller.PageController.data_recovery()
2018-10-19 13:39:44.956  INFO 38272 --- [restartedMain] s.w.s.m.m.a.RequestMappingHandlerMapping : Mapped "{[/capitalbank/daily_loss]}" onto public java.lang.String cn.com.caogen.controller.PageController.daily_loss()
2018-10-19 13:39:44.956  INFO 38272 --- [restartedMain] s.w.s.m.m.a.RequestMappingHandlerMapping : Mapped "{[/loanManage/add_loan]}" onto public java.lang.String cn.com.caogen.controller.PageController.add_loan()
2018-10-19 13:39:44.956  INFO 38272 --- [restartedMain] s.w.s.m.m.a.RequestMappingHandlerMapping : Mapped "{[/tast/tast_dealing]}" onto public java.lang.String cn.com.caogen.controller.PageController.tast_dealing()
2018-10-19 13:39:44.956  INFO 38272 --- [restartedMain] s.w.s.m.m.a.RequestMappingHandlerMapping : Mapped "{[/tast/tast_finish]}" onto public java.lang.String cn.com.caogen.controller.PageController.tast_finish()
2018-10-19 13:39:44.956  INFO 38272 --- [restartedMain] s.w.s.m.m.a.RequestMappingHandlerMapping : Mapped "{[/loanManage/add_guarantee]}" onto public java.lang.String cn.com.caogen.controller.PageController.add_guarantee()
2018-10-19 13:39:44.957  INFO 38272 --- [restartedMain] s.w.s.m.m.a.RequestMappingHandlerMapping : Mapped "{[/network/network_list]}" onto public java.lang.String cn.com.caogen.controller.PageController.network_list()
2018-10-19 13:39:44.957  INFO 38272 --- [restartedMain] s.w.s.m.m.a.RequestMappingHandlerMapping : Mapped "{[/capitalbank/profit_fplist]}" onto public java.lang.String cn.com.caogen.controller.PageController.profit_fplist()
2018-10-19 13:39:44.957  INFO 38272 --- [restartedMain] s.w.s.m.m.a.RequestMappingHandlerMapping : Mapped "{[/msgNotify/member_certificate]}" onto public java.lang.String cn.com.caogen.controller.PageController.member_certificate()
2018-10-19 13:39:44.957  INFO 38272 --- [restartedMain] s.w.s.m.m.a.RequestMappingHandlerMapping : Mapped "{[/capitalbank/cash_initialization]}" onto public java.lang.String cn.com.caogen.controller.PageController.cash_initialization()
2018-10-19 13:39:44.957  INFO 38272 --- [restartedMain] s.w.s.m.m.a.RequestMappingHandlerMapping : Mapped "{[/exchangeRate/rate]}" onto public java.lang.String cn.com.caogen.controller.PageController.rate()
2018-10-19 13:39:44.958  INFO 38272 --- [restartedMain] s.w.s.m.m.a.RequestMappingHandlerMapping : Mapped "{[/print/prin]}" onto public void cn.com.caogen.controller.PrintController.print(java.lang.String,javax.servlet.http.HttpServletResponse,javax.servlet.http.HttpServletRequest)
2018-10-19 13:39:44.958  INFO 38272 --- [restartedMain] s.w.s.m.m.a.RequestMappingHandlerMapping : Mapped "{[/profits/add],methods=[POST]}" onto public java.lang.String cn.com.caogen.controller.ProfitsController.add(java.lang.String,java.lang.String,java.lang.Double,java.lang.String,javax.servlet.http.HttpServletRequest) throws java.lang.Exception
2018-10-19 13:39:44.958  INFO 38272 --- [restartedMain] s.w.s.m.m.a.RequestMappingHandlerMapping : Mapped "{[/profits/queryAll],methods=[GET]}" onto public java.lang.String cn.com.caogen.controller.ProfitsController.queryAll(javax.servlet.http.HttpServletRequest) throws java.lang.Exception
2018-10-19 13:39:44.959  INFO 38272 --- [restartedMain] s.w.s.m.m.a.RequestMappingHandlerMapping : Mapped "{[/rate/queryAll],methods=[GET]}" onto public java.lang.String cn.com.caogen.controller.RateController.getRates(javax.servlet.http.HttpServletRequest)
2018-10-19 13:39:44.959  INFO 38272 --- [restartedMain] s.w.s.m.m.a.RequestMappingHandlerMapping : Mapped "{[/rate/getSingleRate],methods=[GET]}" onto public java.lang.String cn.com.caogen.controller.RateController.getSingleRate(java.lang.String,javax.servlet.http.HttpServletRequest)
2018-10-19 13:39:44.959  INFO 38272 --- [restartedMain] s.w.s.m.m.a.RequestMappingHandlerMapping : Mapped "{[/rate/update],methods=[POST]}" onto public java.lang.String cn.com.caogen.controller.RateController.updateRate(javax.servlet.http.HttpServletRequest,java.lang.String,java.lang.String,java.lang.String)
2018-10-19 13:39:44.959  INFO 38272 --- [restartedMain] s.w.s.m.m.a.RequestMappingHandlerMapping : Mapped "{[/rate/getIp],methods=[GET]}" onto public java.lang.String cn.com.caogen.controller.RateController.getIp(javax.servlet.http.HttpServletRequest)
2018-10-19 13:39:44.960  INFO 38272 --- [restartedMain] s.w.s.m.m.a.RequestMappingHandlerMapping : Mapped "{[/roleauth/add],methods=[POST]}" onto public java.lang.String cn.com.caogen.controller.RoleAuthController.add(int,int,javax.servlet.http.HttpServletRequest)
2018-10-19 13:39:44.961  INFO 38272 --- [restartedMain] s.w.s.m.m.a.RequestMappingHandlerMapping : Mapped "{[/roleauth/queryByRoleid],methods=[POST]}" onto public java.lang.String cn.com.caogen.controller.RoleAuthController.queryByRoleid(int,javax.servlet.http.HttpServletRequest)
2018-10-19 13:39:44.961  INFO 38272 --- [restartedMain] s.w.s.m.m.a.RequestMappingHandlerMapping : Mapped "{[/roleauth/batchupdate],methods=[POST]}" onto public java.lang.String cn.com.caogen.controller.RoleAuthController.batchupdate(int,java.lang.String,javax.servlet.http.HttpServletRequest)
2018-10-19 13:39:44.962  INFO 38272 --- [restartedMain] s.w.s.m.m.a.RequestMappingHandlerMapping : Mapped "{[/role/deleteRole],methods=[POST]}" onto public java.lang.String cn.com.caogen.controller.RoleController.deleteRole(int,javax.servlet.http.HttpServletRequest)
2018-10-19 13:39:44.963  INFO 38272 --- [restartedMain] s.w.s.m.m.a.RequestMappingHandlerMapping : Mapped "{[/role/updateRole],methods=[POST]}" onto public java.lang.String cn.com.caogen.controller.RoleController.updateRole(java.lang.String,java.lang.String,javax.servlet.http.HttpServletRequest)
2018-10-19 13:39:44.963  INFO 38272 --- [restartedMain] s.w.s.m.m.a.RequestMappingHandlerMapping : Mapped "{[/role/queryRole],methods=[GET]}" onto public java.lang.String cn.com.caogen.controller.RoleController.queryRole(java.lang.String,javax.servlet.http.HttpServletRequest)
2018-10-19 13:39:44.964  INFO 38272 --- [restartedMain] s.w.s.m.m.a.RequestMappingHandlerMapping : Mapped "{[/role/addRole],methods=[POST]}" onto public java.lang.String cn.com.caogen.controller.RoleController.addRole(java.lang.String,java.lang.String,javax.servlet.http.HttpServletRequest)
2018-10-19 13:39:44.964  INFO 38272 --- [restartedMain] s.w.s.m.m.a.RequestMappingHandlerMapping : Mapped "{[/role/queryAll],methods=[GET]}" onto public java.lang.String cn.com.caogen.controller.RoleController.queryAll(javax.servlet.http.HttpServletRequest)
2018-10-19 13:39:44.965  INFO 38272 --- [restartedMain] s.w.s.m.m.a.RequestMappingHandlerMapping : Mapped "{[/servicebranch/add]}" onto public java.lang.String cn.com.caogen.controller.ServiceBranchController.add(java.lang.String,javax.servlet.http.HttpServletRequest)
2018-10-19 13:39:44.965  INFO 38272 --- [restartedMain] s.w.s.m.m.a.RequestMappingHandlerMapping : Mapped "{[/servicebranch/update],methods=[POST]}" onto public java.lang.String cn.com.caogen.controller.ServiceBranchController.update(java.lang.String,javax.servlet.http.HttpServletRequest)
2018-10-19 13:39:44.965  INFO 38272 --- [restartedMain] s.w.s.m.m.a.RequestMappingHandlerMapping : Mapped "{[/servicebranch/delete]}" onto public java.lang.String cn.com.caogen.controller.ServiceBranchController.delete(int,javax.servlet.http.HttpServletRequest)
2018-10-19 13:39:44.965  INFO 38272 --- [restartedMain] s.w.s.m.m.a.RequestMappingHandlerMapping : Mapped "{[/servicebranch/queryAll]}" onto public java.lang.String cn.com.caogen.controller.ServiceBranchController.queryAll(javax.servlet.http.HttpServletRequest)
2018-10-19 13:39:44.966  INFO 38272 --- [restartedMain] s.w.s.m.m.a.RequestMappingHandlerMapping : Mapped "{[/servicebranch/queryById]}" onto public java.lang.String cn.com.caogen.controller.ServiceBranchController.queryById(int,javax.servlet.http.HttpServletRequest)
2018-10-19 13:39:44.967  INFO 38272 --- [restartedMain] s.w.s.m.m.a.RequestMappingHandlerMapping : Mapped "{[/task/dotask]}" onto public java.lang.String cn.com.caogen.controller.TaskController.doTask(int,javax.servlet.http.HttpServletRequest)
2018-10-19 13:39:44.967  INFO 38272 --- [restartedMain] s.w.s.m.m.a.RequestMappingHandlerMapping : Mapped "{[/task/marktask]}" onto public java.lang.String cn.com.caogen.controller.TaskController.markTask(int,javax.servlet.http.HttpServletRequest)
2018-10-19 13:39:44.968  INFO 38272 --- [restartedMain] s.w.s.m.m.a.RequestMappingHandlerMapping : Mapped "{[/task/queryDone]}" onto public java.lang.String cn.com.caogen.controller.TaskController.queryDone(javax.servlet.http.HttpServletRequest)
2018-10-19 13:39:44.968  INFO 38272 --- [restartedMain] s.w.s.m.m.a.RequestMappingHandlerMapping : Mapped "{[/task/queryUndo]}" onto public java.lang.String cn.com.caogen.controller.TaskController.queryUndo(javax.servlet.http.HttpServletRequest)
2018-10-19 13:39:44.968  INFO 38272 --- [restartedMain] s.w.s.m.m.a.RequestMappingHandlerMapping : Mapped "{[/task/queryMarkdo]}" onto public java.lang.String cn.com.caogen.controller.TaskController.queryMarkdo(javax.servlet.http.HttpServletRequest)
2018-10-19 13:39:44.968  INFO 38272 --- [restartedMain] s.w.s.m.m.a.RequestMappingHandlerMapping : Mapped "{[/task/queryAll]}" onto public java.lang.String cn.com.caogen.controller.TaskController.queryAll(javax.servlet.http.HttpServletRequest)
2018-10-19 13:39:44.969  INFO 38272 --- [restartedMain] s.w.s.m.m.a.RequestMappingHandlerMapping : Mapped "{[/user/checkPhone],methods=[POST]}" onto public java.lang.String cn.com.caogen.controller.UserController.checkPhone(java.lang.String,javax.servlet.http.HttpServletRequest)
2018-10-19 13:39:44.970  INFO 38272 --- [restartedMain] s.w.s.m.m.a.RequestMappingHandlerMapping : Mapped "{[/user/giveVip],methods=[POST]}" onto public java.lang.String cn.com.caogen.controller.UserController.giveVip(java.lang.String,javax.servlet.http.HttpServletRequest)
2018-10-19 13:39:44.970  INFO 38272 --- [restartedMain] s.w.s.m.m.a.RequestMappingHandlerMapping : Mapped "{[/user/queryByphone],methods=[POST]}" onto public java.lang.String cn.com.caogen.controller.UserController.queryByphone(java.lang.String)
2018-10-19 13:39:44.970  INFO 38272 --- [restartedMain] s.w.s.m.m.a.RequestMappingHandlerMapping : Mapped "{[/user/resetpwd],methods=[POST]}" onto public java.lang.String cn.com.caogen.controller.UserController.resetpwd(java.lang.String,java.lang.String,javax.servlet.http.HttpServletRequest)
2018-10-19 13:39:44.970  INFO 38272 --- [restartedMain] s.w.s.m.m.a.RequestMappingHandlerMapping : Mapped "{[/user/queryAll],methods=[GET]}" onto public java.lang.String cn.com.caogen.controller.UserController.batchdelete(javax.servlet.http.HttpServletRequest)
2018-10-19 13:39:44.971  INFO 38272 --- [restartedMain] s.w.s.m.m.a.RequestMappingHandlerMapping : Mapped "{[/userrole/add],methods=[POST]}" onto public java.lang.String cn.com.caogen.controller.UserRoleController.add(int,int,javax.servlet.http.HttpServletRequest)
2018-10-19 13:39:44.971  INFO 38272 --- [restartedMain] s.w.s.m.m.a.RequestMappingHandlerMapping : Mapped "{[/userrole/queryByUserid],methods=[POST]}" onto public java.lang.String cn.com.caogen.controller.UserRoleController.queryByRoleid(int,javax.servlet.http.HttpServletRequest)
2018-10-19 13:39:44.971  INFO 38272 --- [restartedMain] s.w.s.m.m.a.RequestMappingHandlerMapping : Mapped "{[/userrole/batchupdate],methods=[POST]}" onto public java.lang.String cn.com.caogen.controller.UserRoleController.batchupdate(int,java.lang.String,javax.servlet.http.HttpServletRequest)
2018-10-19 13:39:44.972  INFO 38272 --- [restartedMain] s.w.s.m.m.a.RequestMappingHandlerMapping : Mapped "{[/util/getContent],methods=[GET]}" onto public java.lang.String cn.com.caogen.controller.UtilController.getContent()
2018-10-19 13:39:44.972  INFO 38272 --- [restartedMain] s.w.s.m.m.a.RequestMappingHandlerMapping : Mapped "{[/util/upAndroidUrl],methods=[POST]}" onto public java.lang.String cn.com.caogen.controller.UtilController.upAndroidUrl(javax.servlet.http.HttpServletRequest,java.lang.String)
2018-10-19 13:39:44.972  INFO 38272 --- [restartedMain] s.w.s.m.m.a.RequestMappingHandlerMapping : Mapped "{[/util/upContent],methods=[POST]}" onto public java.lang.String cn.com.caogen.controller.UtilController.upContent(javax.servlet.http.HttpServletRequest,java.lang.String)
2018-10-19 13:39:44.972  INFO 38272 --- [restartedMain] s.w.s.m.m.a.RequestMappingHandlerMapping : Mapped "{[/util/upIosUrl],methods=[POST]}" onto public java.lang.String cn.com.caogen.controller.UtilController.upIosUrl(javax.servlet.http.HttpServletRequest,java.lang.String)
2018-10-19 13:39:44.973  INFO 38272 --- [restartedMain] s.w.s.m.m.a.RequestMappingHandlerMapping : Mapped "{[/util/getIosUrl],methods=[GET]}" onto public java.lang.String cn.com.caogen.controller.UtilController.getIosUrl()
2018-10-19 13:39:44.973  INFO 38272 --- [restartedMain] s.w.s.m.m.a.RequestMappingHandlerMapping : Mapped "{[/util/getAndriodUrl],methods=[GET]}" onto public java.lang.String cn.com.caogen.controller.UtilController.getAndriodUrl()
2018-10-19 13:39:44.973  INFO 38272 --- [restartedMain] s.w.s.m.m.a.RequestMappingHandlerMapping : Mapped "{[/warrantor/add],methods=[POST]}" onto public java.lang.String cn.com.caogen.controller.WarrantorController.add(java.lang.String,javax.servlet.http.HttpServletRequest)
2018-10-19 13:39:44.974  INFO 38272 --- [restartedMain] s.w.s.m.m.a.RequestMappingHandlerMapping : Mapped "{[/warrantor/update],methods=[POST]}" onto public java.lang.String cn.com.caogen.controller.WarrantorController.update(java.lang.String,javax.servlet.http.HttpServletRequest)
2018-10-19 13:39:44.974  INFO 38272 --- [restartedMain] s.w.s.m.m.a.RequestMappingHandlerMapping : Mapped "{[/warrantor/deleteById],methods=[GET]}" onto public java.lang.String cn.com.caogen.controller.WarrantorController.deleteById(int,javax.servlet.http.HttpServletRequest)
2018-10-19 13:39:44.974  INFO 38272 --- [restartedMain] s.w.s.m.m.a.RequestMappingHandlerMapping : Mapped "{[/warrantor/queryAll],methods=[GET]}" onto public java.lang.String cn.com.caogen.controller.WarrantorController.queryAll(javax.servlet.http.HttpServletRequest)
2018-10-19 13:39:44.974  INFO 38272 --- [restartedMain] s.w.s.m.m.a.RequestMappingHandlerMapping : Mapped "{[/warrantor/queryById],methods=[GET]}" onto public java.lang.String cn.com.caogen.controller.WarrantorController.queryById(int,javax.servlet.http.HttpServletRequest)
2018-10-19 13:39:44.976  INFO 38272 --- [restartedMain] s.w.s.m.m.a.RequestMappingHandlerMapping : Mapped "{[/error]}" onto public org.springframework.http.ResponseEntity<java.util.Map<java.lang.String, java.lang.Object>> org.springframework.boot.autoconfigure.web.servlet.error.BasicErrorController.error(javax.servlet.http.HttpServletRequest)
2018-10-19 13:39:44.976  INFO 38272 --- [restartedMain] s.w.s.m.m.a.RequestMappingHandlerMapping : Mapped "{[/error],produces=[text/html]}" onto public org.springframework.web.servlet.ModelAndView org.springframework.boot.autoconfigure.web.servlet.error.BasicErrorController.errorHtml(javax.servlet.http.HttpServletRequest,javax.servlet.http.HttpServletResponse)
2018-10-19 13:39:45.016  INFO 38272 --- [restartedMain] o.s.w.s.handler.SimpleUrlHandlerMapping  : Mapped URL path [/webjars/**] onto handler of type [class org.springframework.web.servlet.resource.ResourceHttpRequestHandler]
2018-10-19 13:39:45.016  INFO 38272 --- [restartedMain] o.s.w.s.handler.SimpleUrlHandlerMapping  : Mapped URL path [/**] onto handler of type [class org.springframework.web.servlet.resource.ResourceHttpRequestHandler]
2018-10-19 13:39:45.172  INFO 38272 --- [restartedMain] o.s.b.a.w.s.WelcomePageHandlerMapping    : Adding welcome page template: index
2018-10-19 13:39:45.713  INFO 38272 --- [restartedMain] o.s.b.d.a.OptionalLiveReloadServer       : LiveReload server is running on port 35729
2018-10-19 13:39:45.747  INFO 38272 --- [restartedMain] o.s.j.e.a.AnnotationMBeanExporter        : Registering beans for JMX exposure on startup
2018-10-19 13:39:45.748  INFO 38272 --- [restartedMain] o.s.j.e.a.AnnotationMBeanExporter        : Bean with name 'dataSource' has been autodetected for JMX exposure
2018-10-19 13:39:45.753  INFO 38272 --- [restartedMain] o.s.j.e.a.AnnotationMBeanExporter        : Located MBean 'dataSource': registering with JMX server as MBean [com.zaxxer.hikari:name=dataSource,type=HikariDataSource]
2018-10-19 13:39:45.764  INFO 38272 --- [restartedMain] s.a.ScheduledAnnotationBeanPostProcessor : No TaskScheduler/ScheduledExecutorService bean found for scheduled processing
2018-10-19 13:39:45.802  INFO 38272 --- [restartedMain] o.s.b.w.embedded.tomcat.TomcatWebServer  : Tomcat started on port(s): 8081 (http) with context path ''
2018-10-19 13:39:45.807  INFO 38272 --- [restartedMain] cn.com.caogen.MmanagerApplication        : Started MmanagerApplication in 6.897 seconds (JVM running for 8.586)
2018-10-19 13:39:46.289  INFO 38272 --- [restartedMain] com.zaxxer.hikari.HikariDataSource       : HikariPool-1 - Starting...
2018-10-19 13:39:47.336  INFO 38272 --- [restartedMain] com.zaxxer.hikari.HikariDataSource       : HikariPool-1 - Start completed.
2018-10-19 13:39:47.548  INFO 38272 --- [restartedMain] io.lettuce.core.EpollProvider            : Starting without optional epoll library
2018-10-19 13:39:47.549  INFO 38272 --- [restartedMain] io.lettuce.core.KqueueProvider           : Starting without optional kqueue library
2018-10-19 13:39:48.319  INFO 38272 --- [restartedMain] cn.com.caogen.controller.Starup          : exception
2018-10-19 13:39:48.341  INFO 38272 --- [restartedMain] cn.com.caogen.controller.Starup          : now time:2018-10-19 13:39:48
2018-10-19 13:39:57.232  INFO 38272 --- [http-nio-8081-exec-2] o.a.c.c.C.[Tomcat].[localhost].[/]       : Initializing Spring FrameworkServlet 'dispatcherServlet'
2018-10-19 13:39:57.232  INFO 38272 --- [http-nio-8081-exec-2] o.s.web.servlet.DispatcherServlet        : FrameworkServlet 'dispatcherServlet': initialization started
2018-10-19 13:39:57.284  INFO 38272 --- [http-nio-8081-exec-2] o.s.web.servlet.DispatcherServlet        : FrameworkServlet 'dispatcherServlet': initialization completed in 52 ms
2018-10-19 13:40:05.767  INFO 38272 --- [http-nio-8081-exec-6] cn.com.caogen.controller.UserController  : login start: username=adminnfgj,passwordadmin123nfgj123
2018-10-19 13:40:24.230  INFO 38272 --- [http-nio-8081-exec-1] cn.com.caogen.controller.UserController  : login start: username=adminnfgj,passwordadminnfgj123
2018-10-19 13:40:30.852  INFO 38272 --- [http-nio-8081-exec-1] cn.com.caogen.controller.UserController  : user=:adminnfgj
2018-10-19 13:40:32.608  INFO 38272 --- [http-nio-8081-exec-5] cn.com.caogen.controller.UserController  : getUser start
2018-10-19 13:40:32.608  INFO 38272 --- [http-nio-8081-exec-5] cn.com.caogen.controller.UserController  : user=:adminnfgj
2018-10-19 13:40:33.651  INFO 38272 --- [http-nio-8081-exec-9] c.com.caogen.controller.OperaController  : queryoperacount start: date=1
2018-10-19 13:40:33.651  INFO 38272 --- [http-nio-8081-exec-9] c.com.caogen.controller.OperaController  : user=:adminnfgj
2018-10-19 13:40:33.653  INFO 38272 --- [http-nio-8081-exec-5] cn.com.caogen.controller.UserController  : getUser start
2018-10-19 13:40:33.653  INFO 38272 --- [http-nio-8081-exec-5] cn.com.caogen.controller.UserController  : user=:adminnfgj
2018-10-19 13:40:33.672  INFO 38272 --- [http-nio-8081-exec-1] c.c.c.controller.CashPoolController      : queryProf start:
2018-10-19 13:40:33.673  INFO 38272 --- [http-nio-8081-exec-1] c.c.c.controller.CashPoolController      : user=:adminnfgj
2018-10-19 13:40:33.676  INFO 38272 --- [http-nio-8081-exec-6] c.com.caogen.controller.OperaController  : queryoperacount start: date=1
2018-10-19 13:40:33.676  INFO 38272 --- [http-nio-8081-exec-6] c.com.caogen.controller.OperaController  : user=:adminnfgj
2018-10-19 13:40:33.936  INFO 38272 --- [http-nio-8081-exec-1] c.c.c.controller.CashPoolController      : 
2018-10-19 13:40:33.936  INFO 38272 --- [http-nio-8081-exec-1] c.c.c.controller.CashPoolController      : queryProf end money=0.0
2018-10-19 13:40:33.950  INFO 38272 --- [http-nio-8081-exec-3] c.com.caogen.controller.OperaController  : queryByDay start: oi=0
2018-10-19 13:40:33.951  INFO 38272 --- [http-nio-8081-exec-2] c.com.caogen.controller.OperaController  : queryByDay start: oi=1
2018-10-19 13:40:37.932  INFO 38272 --- [http-nio-8081-exec-8] cn.com.caogen.controller.UserController  : logout start
2018-10-19 13:40:37.932  INFO 38272 --- [http-nio-8081-exec-8] cn.com.caogen.controller.UserController  : user=:adminnfgj
2018-10-19 13:42:02.912  INFO 32160 --- [main] c.c.c.mmanager.MmanagerApplicationTests  : Starting MmanagerApplicationTests on LLH-USR with PID 32160 (started by llh in E:\pc\yanqingrepository\mmanager)
2018-10-19 13:42:02.913  INFO 32160 --- [main] c.c.c.mmanager.MmanagerApplicationTests  : No active profile set, falling back to default profiles: default
2018-10-19 13:42:02.969  INFO 32160 --- [main] o.s.w.c.s.GenericWebApplicationContext   : Refreshing org.springframework.web.context.support.GenericWebApplicationContext@727eb8cb: startup date [Fri Oct 19 13:42:02 CST 2018]; root of context hierarchy
2018-10-19 13:42:04.128  INFO 32160 --- [main] .s.d.r.c.RepositoryConfigurationDelegate : Multiple Spring Data modules found, entering strict repository configuration mode!
2018-10-19 13:42:04.747  INFO 32160 --- [main] trationDelegate$BeanPostProcessorChecker : Bean 'org.springframework.cache.annotation.ProxyCachingConfiguration' of type [org.springframework.cache.annotation.ProxyCachingConfiguration$$EnhancerBySpringCGLIB$$44c8f2e7] is not eligible for getting processed by all BeanPostProcessors (for example: not eligible for auto-proxying)
2018-10-19 13:42:04.754  INFO 32160 --- [main] trationDelegate$BeanPostProcessorChecker : Bean 'org.springframework.transaction.annotation.ProxyTransactionManagementConfiguration' of type [org.springframework.transaction.annotation.ProxyTransactionManagementConfiguration$$EnhancerBySpringCGLIB$$fbb6bcc9] is not eligible for getting processed by all BeanPostProcessors (for example: not eligible for auto-proxying)
2018-10-19 13:42:04.794  INFO 32160 --- [main] trationDelegate$BeanPostProcessorChecker : Bean 'org.springframework.boot.autoconfigure.cache.CacheAutoConfiguration' of type [org.springframework.boot.autoconfigure.cache.CacheAutoConfiguration$$EnhancerBySpringCGLIB$$393cb78b] is not eligible for getting processed by all BeanPostProcessors (for example: not eligible for auto-proxying)
2018-10-19 13:42:04.812  INFO 32160 --- [main] trationDelegate$BeanPostProcessorChecker : Bean 'org.springframework.boot.context.properties.ConversionServiceDeducer$Factory' of type [org.springframework.boot.context.properties.ConversionServiceDeducer$Factory] is not eligible for getting processed by all BeanPostProcessors (for example: not eligible for auto-proxying)
2018-10-19 13:42:04.815  INFO 32160 --- [main] trationDelegate$BeanPostProcessorChecker : Bean 'spring.cache-org.springframework.boot.autoconfigure.cache.CacheProperties' of type [org.springframework.boot.autoconfigure.cache.CacheProperties] is not eligible for getting processed by all BeanPostProcessors (for example: not eligible for auto-proxying)
2018-10-19 13:42:04.822  INFO 32160 --- [main] trationDelegate$BeanPostProcessorChecker : Bean 'cacheManagerCustomizers' of type [org.springframework.boot.autoconfigure.cache.CacheManagerCustomizers] is not eligible for getting processed by all BeanPostProcessors (for example: not eligible for auto-proxying)
2018-10-19 13:42:04.825  INFO 32160 --- [main] trationDelegate$BeanPostProcessorChecker : Bean 'org.springframework.boot.autoconfigure.cache.RedisCacheConfiguration' of type [org.springframework.boot.autoconfigure.cache.RedisCacheConfiguration$$EnhancerBySpringCGLIB$$e9ce53e5] is not eligible for getting processed by all BeanPostProcessors (for example: not eligible for auto-proxying)
2018-10-19 13:42:04.844  INFO 32160 --- [main] trationDelegate$BeanPostProcessorChecker : Bean 'spring.redis-org.springframework.boot.autoconfigure.data.redis.RedisProperties' of type [org.springframework.boot.autoconfigure.data.redis.RedisProperties] is not eligible for getting processed by all BeanPostProcessors (for example: not eligible for auto-proxying)
2018-10-19 13:42:04.851  INFO 32160 --- [main] trationDelegate$BeanPostProcessorChecker : Bean 'org.springframework.boot.autoconfigure.data.redis.LettuceConnectionConfiguration' of type [org.springframework.boot.autoconfigure.data.redis.LettuceConnectionConfiguration$$EnhancerBySpringCGLIB$$10d07b13] is not eligible for getting processed by all BeanPostProcessors (for example: not eligible for auto-proxying)
2018-10-19 13:42:05.008  INFO 32160 --- [main] trationDelegate$BeanPostProcessorChecker : Bean 'lettuceClientResources' of type [io.lettuce.core.resource.DefaultClientResources] is not eligible for getting processed by all BeanPostProcessors (for example: not eligible for auto-proxying)
2018-10-19 13:42:05.109  INFO 32160 --- [main] trationDelegate$BeanPostProcessorChecker : Bean 'redisConnectionFactory' of type [org.springframework.data.redis.connection.lettuce.LettuceConnectionFactory] is not eligible for getting processed by all BeanPostProcessors (for example: not eligible for auto-proxying)
2018-10-19 13:42:05.132  INFO 32160 --- [main] trationDelegate$BeanPostProcessorChecker : Bean 'cacheManager' of type [org.springframework.data.redis.cache.RedisCacheManager] is not eligible for getting processed by all BeanPostProcessors (for example: not eligible for auto-proxying)
2018-10-19 13:42:05.134  INFO 32160 --- [main] trationDelegate$BeanPostProcessorChecker : Bean 'cacheAutoConfigurationValidator' of type [org.springframework.boot.autoconfigure.cache.CacheAutoConfiguration$CacheManagerValidator] is not eligible for getting processed by all BeanPostProcessors (for example: not eligible for auto-proxying)
2018-10-19 13:42:06.281  INFO 32160 --- [main] o.s.w.s.handler.SimpleUrlHandlerMapping  : Mapped URL path [/**/favicon.ico] onto handler of type [class org.springframework.web.servlet.resource.ResourceHttpRequestHandler]
2018-10-19 13:42:06.638  INFO 32160 --- [main] s.w.s.m.m.a.RequestMappingHandlerAdapter : Looking for @ControllerAdvice: org.springframework.web.context.support.GenericWebApplicationContext@727eb8cb: startup date [Fri Oct 19 13:42:02 CST 2018]; root of context hierarchy
2018-10-19 13:42:06.729  INFO 32160 --- [main] s.w.s.m.m.a.RequestMappingHandlerMapping : Mapped "{[/appliy/queryAll],methods=[GET]}" onto public java.lang.String cn.com.caogen.controller.AppliyController.queryAll(javax.servlet.http.HttpServletRequest)
2018-10-19 13:42:06.730  INFO 32160 --- [main] s.w.s.m.m.a.RequestMappingHandlerMapping : Mapped "{[/authoirty/add],methods=[POST]}" onto public java.lang.String cn.com.caogen.controller.AuthoirtyController.add(java.lang.String,java.lang.String,javax.servlet.http.HttpServletRequest)
2018-10-19 13:42:06.731  INFO 32160 --- [main] s.w.s.m.m.a.RequestMappingHandlerMapping : Mapped "{[/authoirty/update],methods=[POST]}" onto public java.lang.String cn.com.caogen.controller.AuthoirtyController.update(java.lang.String,java.lang.String,java.lang.String,javax.servlet.http.HttpServletRequest)
2018-10-19 13:42:06.731  INFO 32160 --- [main] s.w.s.m.m.a.RequestMappingHandlerMapping : Mapped "{[/authoirty/delete],methods=[GET]}" onto public java.lang.String cn.com.caogen.controller.AuthoirtyController.delete(java.lang.String,javax.servlet.http.HttpServletRequest)
2018-10-19 13:42:06.731  INFO 32160 --- [main] s.w.s.m.m.a.RequestMappingHandlerMapping : Mapped "{[/authoirty/queryAll],methods=[GET]}" onto public java.lang.String cn.com.caogen.controller.AuthoirtyController.queryAll(javax.servlet.http.HttpServletRequest)
2018-10-19 13:42:06.732  INFO 32160 --- [main] s.w.s.m.m.a.RequestMappingHandlerMapping : Mapped "{[/bank/queryAll],methods=[GET]}" onto public java.lang.String cn.com.caogen.controller.BankController.queryAll(javax.servlet.http.HttpServletRequest)
2018-10-19 13:42:06.733  INFO 32160 --- [main] s.w.s.m.m.a.RequestMappingHandlerMapping : Mapped "{[/borrow/add],methods=[POST]}" onto public java.lang.String cn.com.caogen.controller.BorrowController.add(java.lang.String,javax.servlet.http.HttpServletRequest)
2018-10-19 13:42:06.734  INFO 32160 --- [main] s.w.s.m.m.a.RequestMappingHandlerMapping : Mapped "{[/borrow/queryAll],methods=[GET]}" onto public java.lang.String cn.com.caogen.controller.BorrowController.queryAll(int,javax.servlet.http.HttpServletRequest)
2018-10-19 13:42:06.734  INFO 32160 --- [main] s.w.s.m.m.a.RequestMappingHandlerMapping : Mapped "{[/borrow/confirmdo],methods=[POST]}" onto public java.lang.String cn.com.caogen.controller.BorrowController.confirmdo(int,javax.servlet.http.HttpServletRequest)
2018-10-19 13:42:06.735  INFO 32160 --- [main] s.w.s.m.m.a.RequestMappingHandlerMapping : Mapped "{[/cashpool/exchange],methods=[POST]}" onto public java.lang.String cn.com.caogen.controller.CashPoolController.exchange(java.lang.String,java.lang.String,java.lang.Double,java.lang.Double,java.lang.String,java.lang.String,java.lang.String,java.lang.String,java.lang.String,java.lang.String,java.lang.String,javax.servlet.http.HttpServletRequest)
2018-10-19 13:42:06.735  INFO 32160 --- [main] s.w.s.m.m.a.RequestMappingHandlerMapping : Mapped "{[/cashpool/queryAll],methods=[GET]}" onto public java.lang.String cn.com.caogen.controller.CashPoolController.queryAll(java.lang.String,javax.servlet.http.HttpServletRequest)
2018-10-19 13:42:06.735  INFO 32160 --- [main] s.w.s.m.m.a.RequestMappingHandlerMapping : Mapped "{[/cashpool/queryScope],methods=[GET]}" onto public java.lang.String cn.com.caogen.controller.CashPoolController.queryScope(java.lang.String,java.lang.String,java.lang.String,java.lang.String,javax.servlet.http.HttpServletRequest)
2018-10-19 13:42:06.735  INFO 32160 --- [main] s.w.s.m.m.a.RequestMappingHandlerMapping : Mapped "{[/cashpool/queryProf],methods=[GET]}" onto public java.lang.String cn.com.caogen.controller.CashPoolController.queryProf(javax.servlet.http.HttpServletRequest)
2018-10-19 13:42:06.736  INFO 32160 --- [main] s.w.s.m.m.a.RequestMappingHandlerMapping : Mapped "{[/cashpool/initCashPool],methods=[POST]}" onto public java.lang.String cn.com.caogen.controller.CashPoolController.initCashPool(java.lang.String,double,int,java.lang.String,javax.servlet.http.HttpServletRequest)
2018-10-19 13:42:06.740  INFO 32160 --- [main] s.w.s.m.m.a.RequestMappingHandlerMapping : Mapped "{[/count/queryCount],methods=[GET]}" onto public java.lang.String cn.com.caogen.controller.CountController.queryCount(java.lang.String,javax.servlet.http.HttpServletRequest)
2018-10-19 13:42:06.740  INFO 32160 --- [main] s.w.s.m.m.a.RequestMappingHandlerMapping : Mapped "{[/count/printTicket],methods=[POST]}" onto public java.lang.String cn.com.caogen.controller.CountController.printTicket(java.lang.String,javax.servlet.http.HttpServletRequest,java.lang.String)
2018-10-19 13:42:06.741  INFO 32160 --- [main] s.w.s.m.m.a.RequestMappingHandlerMapping : Mapped "{[/count/outMoney],methods=[POST]}" onto public java.lang.String cn.com.caogen.controller.CountController.outMoney(java.lang.String,javax.servlet.http.HttpServletRequest,java.lang.String,java.lang.String,java.lang.String,java.lang.String)
2018-10-19 13:42:06.741  INFO 32160 --- [main] s.w.s.m.m.a.RequestMappingHandlerMapping : Mapped "{[/count/startOrstopCount],methods=[POST]}" onto public java.lang.String cn.com.caogen.controller.CountController.startOrstopcount(java.lang.String,java.lang.String,javax.servlet.http.HttpServletRequest)
2018-10-19 13:42:06.741  INFO 32160 --- [main] s.w.s.m.m.a.RequestMappingHandlerMapping : Mapped "{[/count/queryAllCount],methods=[GET]}" onto public java.lang.String cn.com.caogen.controller.CountController.queryAllCount(javax.servlet.http.HttpServletRequest)
2018-10-19 13:42:06.741  INFO 32160 --- [main] s.w.s.m.m.a.RequestMappingHandlerMapping : Mapped "{[/count/inMoney],methods=[POST]}" onto public java.lang.String cn.com.caogen.controller.CountController.inMoney(java.lang.String,javax.servlet.http.HttpServletRequest,java.lang.String,java.lang.String,java.lang.String)
2018-10-19 13:42:06.742  INFO 32160 --- [main] s.w.s.m.m.a.RequestMappingHandlerMapping : Mapped "{[/count/queryMoneyType],methods=[GET]}" onto public java.lang.String cn.com.caogen.controller.CountController.getMoneyType(javax.servlet.http.HttpServletRequest)
2018-10-19 13:42:06.742  INFO 32160 --- [main] s.w.s.m.m.a.RequestMappingHandlerMapping : Mapped "{[/count/checkPhone],methods=[POST]}" onto public java.lang.String cn.com.caogen.controller.CountController.checkPhone(java.lang.String,javax.servlet.http.HttpServletRequest)
2018-10-19 13:42:06.742  INFO 32160 --- [main] s.w.s.m.m.a.RequestMappingHandlerMapping : Mapped "{[/count/queryblancebyType],methods=[GET]}" onto public java.lang.String cn.com.caogen.controller.CountController.queryblancebyType(javax.servlet.http.HttpServletRequest)
2018-10-19 13:42:06.743  INFO 32160 --- [main] s.w.s.m.m.a.RequestMappingHandlerMapping : Mapped "{[/loss/add],methods=[POST]}" onto public java.lang.String cn.com.caogen.controller.LossController.add(int,java.lang.String,java.lang.String,java.lang.Double,java.lang.String,javax.servlet.http.HttpServletRequest) throws java.lang.Exception
2018-10-19 13:42:06.744  INFO 32160 --- [main] s.w.s.m.m.a.RequestMappingHandlerMapping : Mapped "{[/loss/queryAll],methods=[GET]}" onto public java.lang.String cn.com.caogen.controller.LossController.queryAll(javax.servlet.http.HttpServletRequest) throws java.lang.Exception
2018-10-19 13:42:06.745  INFO 32160 --- [main] s.w.s.m.m.a.RequestMappingHandlerMapping : Mapped "{[/message/query]}" onto public java.lang.String cn.com.caogen.controller.MessageController.query(javax.servlet.http.HttpServletRequest)
2018-10-19 13:42:06.747  INFO 32160 --- [main] s.w.s.m.m.a.RequestMappingHandlerMapping : Mapped "{[/message/querydoing],methods=[GET]}" onto public java.lang.String cn.com.caogen.controller.MessageController.querydoing(javax.servlet.http.HttpServletRequest)
2018-10-19 13:42:06.749  INFO 32160 --- [main] s.w.s.m.m.a.RequestMappingHandlerMapping : Mapped "{[/message/refuesemessage],methods=[POST]}" onto public java.lang.String cn.com.caogen.controller.MessageController.refuesemessage(int,javax.servlet.http.HttpServletRequest)
2018-10-19 13:42:06.749  INFO 32160 --- [main] s.w.s.m.m.a.RequestMappingHandlerMapping : Mapped "{[/message/accessmessage],methods=[POST]}" onto public java.lang.String cn.com.caogen.controller.MessageController.domessage(int,javax.servlet.http.HttpServletRequest)
2018-10-19 13:42:06.750  INFO 32160 --- [main] s.w.s.m.m.a.RequestMappingHandlerMapping : Mapped "{[/message/queryaccess],methods=[GET]}" onto public java.lang.String cn.com.caogen.controller.MessageController.queryaccess(javax.servlet.http.HttpServletRequest)
2018-10-19 13:42:06.750  INFO 32160 --- [main] s.w.s.m.m.a.RequestMappingHandlerMapping : Mapped "{[/message/queryrefuse],methods=[GET]}" onto public java.lang.String cn.com.caogen.controller.MessageController.queryrefuse(javax.servlet.http.HttpServletRequest)
2018-10-19 13:42:06.751  INFO 32160 --- [main] s.w.s.m.m.a.RequestMappingHandlerMapping : Mapped "{[/muser/add],methods=[POST]}" onto public java.lang.String cn.com.caogen.controller.MuserController.add(java.lang.String,java.lang.String,java.lang.String,java.lang.String,javax.servlet.http.HttpServletRequest)
2018-10-19 13:42:06.752  INFO 32160 --- [main] s.w.s.m.m.a.RequestMappingHandlerMapping : Mapped "{[/muser/restPwd],methods=[POST]}" onto public java.lang.String cn.com.caogen.controller.MuserController.update(java.lang.String,java.lang.String,javax.servlet.http.HttpServletRequest)
2018-10-19 13:42:06.752  INFO 32160 --- [main] s.w.s.m.m.a.RequestMappingHandlerMapping : Mapped "{[/muser/logout],methods=[GET]}" onto public java.lang.String cn.com.caogen.controller.MuserController.logout(javax.servlet.http.HttpServletRequest)
2018-10-19 13:42:06.753  INFO 32160 --- [main] s.w.s.m.m.a.RequestMappingHandlerMapping : Mapped "{[/muser/login],methods=[POST]}" onto public java.lang.String cn.com.caogen.controller.MuserController.login(java.lang.String,java.lang.String,javax.servlet.http.HttpServletRequest,javax.servlet.http.HttpServletResponse)
2018-10-19 13:42:06.753  INFO 32160 --- [main] s.w.s.m.m.a.RequestMappingHandlerMapping : Mapped "{[/muser/queryAll],methods=[GET]}" onto public java.lang.String cn.com.caogen.controller.MuserController.queryAll(javax.servlet.http.HttpServletRequest)
2018-10-19 13:42:06.753  INFO 32160 --- [main] s.w.s.m.m.a.RequestMappingHandlerMapping : Mapped "{[/muser/batchdelete],methods=[GET]}" onto public java.lang.String cn.com.caogen.controller.MuserController.batchdelete(java.lang.String,javax.servlet.http.HttpServletRequest)
2018-10-19 13:42:06.754  INFO 32160 --- [main] s.w.s.m.m.a.RequestMappingHandlerMapping : Mapped "{[/muser/getUser],methods=[GET]}" onto public java.lang.String cn.com.caogen.controller.MuserController.getUser(javax.servlet.http.HttpServletRequest)
2018-10-19 13:42:06.756  INFO 32160 --- [main] s.w.s.m.m.a.RequestMappingHandlerMapping : Mapped "{[/opera/queryAll],methods=[GET]}" onto public java.lang.String cn.com.caogen.controller.OperaController.queryAll(javax.servlet.http.HttpServletRequest)
2018-10-19 13:42:06.756  INFO 32160 --- [main] s.w.s.m.m.a.RequestMappingHandlerMapping : Mapped "{[/opera/queryoperatype],methods=[GET]}" onto public java.lang.String cn.com.caogen.controller.OperaController.queryoperatype(int,javax.servlet.http.HttpServletRequest)
2018-10-19 13:42:06.756  INFO 32160 --- [main] s.w.s.m.m.a.RequestMappingHandlerMapping : Mapped "{[/opera/datarecover],methods=[POST]}" onto public java.lang.String cn.com.caogen.controller.OperaController.datarecover(java.lang.String,javax.servlet.http.HttpServletRequest)
2018-10-19 13:42:06.756  INFO 32160 --- [main] s.w.s.m.m.a.RequestMappingHandlerMapping : Mapped "{[/opera/queryoperacount],methods=[GET]}" onto public java.lang.String cn.com.caogen.controller.OperaController.queryoperacount(int,javax.servlet.http.HttpServletRequest)
2018-10-19 13:42:06.757  INFO 32160 --- [main] s.w.s.m.m.a.RequestMappingHandlerMapping : Mapped "{[/opera/queryCashLog],methods=[GET]}" onto public java.lang.String cn.com.caogen.controller.OperaController.queryCashLog(javax.servlet.http.HttpServletRequest)
2018-10-19 13:42:06.757  INFO 32160 --- [main] s.w.s.m.m.a.RequestMappingHandlerMapping : Mapped "{[/opera/queryByDay],methods=[GET]}" onto public java.lang.String cn.com.caogen.controller.OperaController.queryByDay(java.lang.String,javax.servlet.http.HttpServletRequest)
2018-10-19 13:42:06.758  INFO 32160 --- [main] s.w.s.m.m.a.RequestMappingHandlerMapping : Mapped "{[/opera/queryByWeek],methods=[GET]}" onto public java.lang.String cn.com.caogen.controller.OperaController.queryByWeek(java.lang.String,javax.servlet.http.HttpServletRequest)
2018-10-19 13:42:06.758  INFO 32160 --- [main] s.w.s.m.m.a.RequestMappingHandlerMapping : Mapped "{[/opera/queryByquarter],methods=[GET]}" onto public java.lang.String cn.com.caogen.controller.OperaController.queryByquarter(java.lang.String,javax.servlet.http.HttpServletRequest)
2018-10-19 13:42:06.758  INFO 32160 --- [main] s.w.s.m.m.a.RequestMappingHandlerMapping : Mapped "{[/opera/queryByMonth],methods=[GET]}" onto public java.lang.String cn.com.caogen.controller.OperaController.queryByMonth(java.lang.String,javax.servlet.http.HttpServletRequest)
2018-10-19 13:42:06.758  INFO 32160 --- [main] s.w.s.m.m.a.RequestMappingHandlerMapping : Mapped "{[/opera/queryByYear],methods=[GET]}" onto public java.lang.String cn.com.caogen.controller.OperaController.queryByYear(java.lang.String,javax.servlet.http.HttpServletRequest)
2018-10-19 13:42:06.761  INFO 32160 --- [main] s.w.s.m.m.a.RequestMappingHandlerMapping : Mapped "{[/index]}" onto public java.lang.String cn.com.caogen.controller.PageController.index()
2018-10-19 13:42:06.762  INFO 32160 --- [main] s.w.s.m.m.a.RequestMappingHandlerMapping : Mapped "{[/oplog/log]}" onto public java.lang.String cn.com.caogen.controller.PageController.log()
2018-10-19 13:42:06.762  INFO 32160 --- [main] s.w.s.m.m.a.RequestMappingHandlerMapping : Mapped "{[/login]}" onto public java.lang.String cn.com.caogen.controller.PageController.login()
2018-10-19 13:42:06.762  INFO 32160 --- [main] s.w.s.m.m.a.RequestMappingHandlerMapping : Mapped "{[/incomeAnalysis/month]}" onto public java.lang.String cn.com.caogen.controller.PageController.month()
2018-10-19 13:42:06.762  INFO 32160 --- [main] s.w.s.m.m.a.RequestMappingHandlerMapping : Mapped "{[/exchangeRate/rate]}" onto public java.lang.String cn.com.caogen.controller.PageController.rate()
2018-10-19 13:42:06.763  INFO 32160 --- [main] s.w.s.m.m.a.RequestMappingHandlerMapping : Mapped "{[/manage/manage_power]}" onto public java.lang.String cn.com.caogen.controller.PageController.manage_power()
2018-10-19 13:42:06.763  INFO 32160 --- [main] s.w.s.m.m.a.RequestMappingHandlerMapping : Mapped "{[/tast/tast_dealing]}" onto public java.lang.String cn.com.caogen.controller.PageController.tast_dealing()
2018-10-19 13:42:06.763  INFO 32160 --- [main] s.w.s.m.m.a.RequestMappingHandlerMapping : Mapped "{[/manage/add_role]}" onto public java.lang.String cn.com.caogen.controller.PageController.add_role()
2018-10-19 13:42:06.763  INFO 32160 --- [main] s.w.s.m.m.a.RequestMappingHandlerMapping : Mapped "{[/loanManage/add_guarantee]}" onto public java.lang.String cn.com.caogen.controller.PageController.add_guarantee()
2018-10-19 13:42:06.763  INFO 32160 --- [main] s.w.s.m.m.a.RequestMappingHandlerMapping : Mapped "{[/msgNotify/transfer_apply]}" onto public java.lang.String cn.com.caogen.controller.PageController.transfer_apply()
2018-10-19 13:42:06.763  INFO 32160 --- [main] s.w.s.m.m.a.RequestMappingHandlerMapping : Mapped "{[/network/add_network]}" onto public java.lang.String cn.com.caogen.controller.PageController.add_network()
2018-10-19 13:42:06.764  INFO 32160 --- [main] s.w.s.m.m.a.RequestMappingHandlerMapping : Mapped "{[/capitalbank/add_profit_fp]}" onto public java.lang.String cn.com.caogen.controller.PageController.add_profit_fp()
2018-10-19 13:42:06.764  INFO 32160 --- [main] s.w.s.m.m.a.RequestMappingHandlerMapping : Mapped "{[/member/member_list]}" onto public java.lang.String cn.com.caogen.controller.PageController.member_list()
2018-10-19 13:42:06.764  INFO 32160 --- [main] s.w.s.m.m.a.RequestMappingHandlerMapping : Mapped "{[/mainframe]}" onto public java.lang.String cn.com.caogen.controller.PageController.mainframe()
2018-10-19 13:42:06.764  INFO 32160 --- [main] s.w.s.m.m.a.RequestMappingHandlerMapping : Mapped "{[/cashmanage/cash_change]}" onto public java.lang.String cn.com.caogen.controller.PageController.cash_change()
2018-10-19 13:42:06.765  INFO 32160 --- [main] s.w.s.m.m.a.RequestMappingHandlerMapping : Mapped "{[/tast/tast_finish]}" onto public java.lang.String cn.com.caogen.controller.PageController.tast_finish()
2018-10-19 13:42:06.765  INFO 32160 --- [main] s.w.s.m.m.a.RequestMappingHandlerMapping : Mapped "{[/loanManage/loan_list]}" onto public java.lang.String cn.com.caogen.controller.PageController.loan_list()
2018-10-19 13:42:06.765  INFO 32160 --- [main] s.w.s.m.m.a.RequestMappingHandlerMapping : Mapped "{[/capitalbank/add_dailyloss]}" onto public java.lang.String cn.com.caogen.controller.PageController.add_dailyloss()
2018-10-19 13:42:06.765  INFO 32160 --- [main] s.w.s.m.m.a.RequestMappingHandlerMapping : Mapped "{[/appmanage/iosurl]}" onto public java.lang.String cn.com.caogen.controller.PageController.iosurl()
2018-10-19 13:42:06.765  INFO 32160 --- [main] s.w.s.m.m.a.RequestMappingHandlerMapping : Mapped "{[/spentAnalysis/week]}" onto public java.lang.String cn.com.caogen.controller.PageController.spentweek()
2018-10-19 13:42:06.766  INFO 32160 --- [main] s.w.s.m.m.a.RequestMappingHandlerMapping : Mapped "{[/member/alipay_list]}" onto public java.lang.String cn.com.caogen.controller.PageController.alipay_list()
2018-10-19 13:42:06.766  INFO 32160 --- [main] s.w.s.m.m.a.RequestMappingHandlerMapping : Mapped "{[/msgNotify/cash_apply]}" onto public java.lang.String cn.com.caogen.controller.PageController.cash_apply()
2018-10-19 13:42:06.766  INFO 32160 --- [main] s.w.s.m.m.a.RequestMappingHandlerMapping : Mapped "{[/msgNotify/recharge_record]}" onto public java.lang.String cn.com.caogen.controller.PageController.recharge_record()
2018-10-19 13:42:06.766  INFO 32160 --- [main] s.w.s.m.m.a.RequestMappingHandlerMapping : Mapped "{[/capitalbank/capital_bank]}" onto public java.lang.String cn.com.caogen.controller.PageController.capital_bank()
2018-10-19 13:42:06.766  INFO 32160 --- [main] s.w.s.m.m.a.RequestMappingHandlerMapping : Mapped "{[/exchangeRate/rate_change]}" onto public java.lang.String cn.com.caogen.controller.PageController.rate_change()
2018-10-19 13:42:06.766  INFO 32160 --- [main] s.w.s.m.m.a.RequestMappingHandlerMapping : Mapped "{[/cashmanage/cashtrade_list]}" onto public java.lang.String cn.com.caogen.controller.PageController.cashtrade_list()
2018-10-19 13:42:06.767  INFO 32160 --- [main] s.w.s.m.m.a.RequestMappingHandlerMapping : Mapped "{[/manage/manage_role]}" onto public java.lang.String cn.com.caogen.controller.PageController.manage_role()
2018-10-19 13:42:06.767  INFO 32160 --- [main] s.w.s.m.m.a.RequestMappingHandlerMapping : Mapped "{[/cashmanage/cash_in]}" onto public java.lang.String cn.com.caogen.controller.PageController.cash_in()
2018-10-19 13:42:06.767  INFO 32160 --- [main] s.w.s.m.m.a.RequestMappingHandlerMapping : Mapped "{[/manage/changepsw]}" onto public java.lang.String cn.com.caogen.controller.PageController.changepsw()
2018-10-19 13:42:06.767  INFO 32160 --- [main] s.w.s.m.m.a.RequestMappingHandlerMapping : Mapped "{[/manage/changeinfo]}" onto public java.lang.String cn.com.caogen.controller.PageController.changeinfo()
2018-10-19 13:42:06.767  INFO 32160 --- [main] s.w.s.m.m.a.RequestMappingHandlerMapping : Mapped "{[/incomeAnalysis/week]}" onto public java.lang.String cn.com.caogen.controller.PageController.week()
2018-10-19 13:42:06.768  INFO 32160 --- [main] s.w.s.m.m.a.RequestMappingHandlerMapping : Mapped "{[/tast/tast_nodeal]}" onto public java.lang.String cn.com.caogen.controller.PageController.tast_nodeal()
2018-10-19 13:42:06.768  INFO 32160 --- [main] s.w.s.m.m.a.RequestMappingHandlerMapping : Mapped "{[/manage/manage_list]}" onto public java.lang.String cn.com.caogen.controller.PageController.manage_list()
2018-10-19 13:42:06.768  INFO 32160 --- [main] s.w.s.m.m.a.RequestMappingHandlerMapping : Mapped "{[/cashmanage/data_recovery]}" onto public java.lang.String cn.com.caogen.controller.PageController.data_recovery()
2018-10-19 13:42:06.768  INFO 32160 --- [main] s.w.s.m.m.a.RequestMappingHandlerMapping : Mapped "{[/member/account_list]}" onto public java.lang.String cn.com.caogen.controller.PageController.account_list()
2018-10-19 13:42:06.768  INFO 32160 --- [main] s.w.s.m.m.a.RequestMappingHandlerMapping : Mapped "{[/loanManage/add_loan]}" onto public java.lang.String cn.com.caogen.controller.PageController.add_loan()
2018-10-19 13:42:06.768  INFO 32160 --- [main] s.w.s.m.m.a.RequestMappingHandlerMapping : Mapped "{[/capitalbank/profit_fplist]}" onto public java.lang.String cn.com.caogen.controller.PageController.profit_fplist()
2018-10-19 13:42:06.769  INFO 32160 --- [main] s.w.s.m.m.a.RequestMappingHandlerMapping : Mapped "{[/loanManage/guarantee_list]}" onto public java.lang.String cn.com.caogen.controller.PageController.guarantee_list()
2018-10-19 13:42:06.769  INFO 32160 --- [main] s.w.s.m.m.a.RequestMappingHandlerMapping : Mapped "{[/capitalbank/cash_bank]}" onto public java.lang.String cn.com.caogen.controller.PageController.cash_bank()
2018-10-19 13:42:06.769  INFO 32160 --- [main] s.w.s.m.m.a.RequestMappingHandlerMapping : Mapped "{[/cashmanage/cash_out]}" onto public java.lang.String cn.com.caogen.controller.PageController.cash_out()
2018-10-19 13:42:06.769  INFO 32160 --- [main] s.w.s.m.m.a.RequestMappingHandlerMapping : Mapped "{[/incomeAnalysis/quarter]}" onto public java.lang.String cn.com.caogen.controller.PageController.quarter()
2018-10-19 13:42:06.769  INFO 32160 --- [main] s.w.s.m.m.a.RequestMappingHandlerMapping : Mapped "{[/member/bankcard_list]}" onto public java.lang.String cn.com.caogen.controller.PageController.bankcard_list()
2018-10-19 13:42:06.769  INFO 32160 --- [main] s.w.s.m.m.a.RequestMappingHandlerMapping : Mapped "{[/spentAnalysis/month]}" onto public java.lang.String cn.com.caogen.controller.PageController.spentmonth()
2018-10-19 13:42:06.770  INFO 32160 --- [main] s.w.s.m.m.a.RequestMappingHandlerMapping : Mapped "{[/spentAnalysis/quarter]}" onto public java.lang.String cn.com.caogen.controller.PageController.spentquarter()
2018-10-19 13:42:06.770  INFO 32160 --- [main] s.w.s.m.m.a.RequestMappingHandlerMapping : Mapped "{[/capitalbank/daily_loss]}" onto public java.lang.String cn.com.caogen.controller.PageController.daily_loss()
2018-10-19 13:42:06.770  INFO 32160 --- [main] s.w.s.m.m.a.RequestMappingHandlerMapping : Mapped "{[/network/network_list]}" onto public java.lang.String cn.com.caogen.controller.PageController.network_list()
2018-10-19 13:42:06.770  INFO 32160 --- [main] s.w.s.m.m.a.RequestMappingHandlerMapping : Mapped "{[/appmanage/androidurl]}" onto public java.lang.String cn.com.caogen.controller.PageController.androidurl()
2018-10-19 13:42:06.770  INFO 32160 --- [main] s.w.s.m.m.a.RequestMappingHandlerMapping : Mapped "{[/member/opera_log]}" onto public java.lang.String cn.com.caogen.controller.PageController.opera_log()
2018-10-19 13:42:06.771  INFO 32160 --- [main] s.w.s.m.m.a.RequestMappingHandlerMapping : Mapped "{[/appmanage/announcement]}" onto public java.lang.String cn.com.caogen.controller.PageController.announcement()
2018-10-19 13:42:06.771  INFO 32160 --- [main] s.w.s.m.m.a.RequestMappingHandlerMapping : Mapped "{[/msgNotify/member_certificate]}" onto public java.lang.String cn.com.caogen.controller.PageController.member_certificate()
2018-10-19 13:42:06.771  INFO 32160 --- [main] s.w.s.m.m.a.RequestMappingHandlerMapping : Mapped "{[/capitalbank/cash_initialization]}" onto public java.lang.String cn.com.caogen.controller.PageController.cash_initialization()
2018-10-19 13:42:06.772  INFO 32160 --- [main] s.w.s.m.m.a.RequestMappingHandlerMapping : Mapped "{[/print/prin]}" onto public void cn.com.caogen.controller.PrintController.print(java.lang.String,javax.servlet.http.HttpServletResponse,javax.servlet.http.HttpServletRequest)
2018-10-19 13:42:06.774  INFO 32160 --- [main] s.w.s.m.m.a.RequestMappingHandlerMapping : Mapped "{[/profits/add],methods=[POST]}" onto public java.lang.String cn.com.caogen.controller.ProfitsController.add(java.lang.String,java.lang.String,java.lang.Double,java.lang.String,javax.servlet.http.HttpServletRequest) throws java.lang.Exception
2018-10-19 13:42:06.775  INFO 32160 --- [main] s.w.s.m.m.a.RequestMappingHandlerMapping : Mapped "{[/profits/queryAll],methods=[GET]}" onto public java.lang.String cn.com.caogen.controller.ProfitsController.queryAll(javax.servlet.http.HttpServletRequest) throws java.lang.Exception
2018-10-19 13:42:06.776  INFO 32160 --- [main] s.w.s.m.m.a.RequestMappingHandlerMapping : Mapped "{[/rate/update],methods=[POST]}" onto public java.lang.String cn.com.caogen.controller.RateController.updateRate(javax.servlet.http.HttpServletRequest,java.lang.String,java.lang.String,java.lang.String)
2018-10-19 13:42:06.777  INFO 32160 --- [main] s.w.s.m.m.a.RequestMappingHandlerMapping : Mapped "{[/rate/getSingleRate],methods=[GET]}" onto public java.lang.String cn.com.caogen.controller.RateController.getSingleRate(java.lang.String,javax.servlet.http.HttpServletRequest)
2018-10-19 13:42:06.777  INFO 32160 --- [main] s.w.s.m.m.a.RequestMappingHandlerMapping : Mapped "{[/rate/queryAll],methods=[GET]}" onto public java.lang.String cn.com.caogen.controller.RateController.getRates(javax.servlet.http.HttpServletRequest)
2018-10-19 13:42:06.777  INFO 32160 --- [main] s.w.s.m.m.a.RequestMappingHandlerMapping : Mapped "{[/rate/getIp],methods=[GET]}" onto public java.lang.String cn.com.caogen.controller.RateController.getIp(javax.servlet.http.HttpServletRequest)
2018-10-19 13:42:06.778  INFO 32160 --- [main] s.w.s.m.m.a.RequestMappingHandlerMapping : Mapped "{[/roleauth/add],methods=[POST]}" onto public java.lang.String cn.com.caogen.controller.RoleAuthController.add(int,int,javax.servlet.http.HttpServletRequest)
2018-10-19 13:42:06.779  INFO 32160 --- [main] s.w.s.m.m.a.RequestMappingHandlerMapping : Mapped "{[/roleauth/batchupdate],methods=[POST]}" onto public java.lang.String cn.com.caogen.controller.RoleAuthController.batchupdate(int,java.lang.String,javax.servlet.http.HttpServletRequest)
2018-10-19 13:42:06.779  INFO 32160 --- [main] s.w.s.m.m.a.RequestMappingHandlerMapping : Mapped "{[/roleauth/queryByRoleid],methods=[POST]}" onto public java.lang.String cn.com.caogen.controller.RoleAuthController.queryByRoleid(int,javax.servlet.http.HttpServletRequest)
2018-10-19 13:42:06.780  INFO 32160 --- [main] s.w.s.m.m.a.RequestMappingHandlerMapping : Mapped "{[/role/addRole],methods=[POST]}" onto public java.lang.String cn.com.caogen.controller.RoleController.addRole(java.lang.String,java.lang.String,javax.servlet.http.HttpServletRequest)
2018-10-19 13:42:06.780  INFO 32160 --- [main] s.w.s.m.m.a.RequestMappingHandlerMapping : Mapped "{[/role/queryAll],methods=[GET]}" onto public java.lang.String cn.com.caogen.controller.RoleController.queryAll(javax.servlet.http.HttpServletRequest)
2018-10-19 13:42:06.781  INFO 32160 --- [main] s.w.s.m.m.a.RequestMappingHandlerMapping : Mapped "{[/role/deleteRole],methods=[POST]}" onto public java.lang.String cn.com.caogen.controller.RoleController.deleteRole(int,javax.servlet.http.HttpServletRequest)
2018-10-19 13:42:06.781  INFO 32160 --- [main] s.w.s.m.m.a.RequestMappingHandlerMapping : Mapped "{[/role/updateRole],methods=[POST]}" onto public java.lang.String cn.com.caogen.controller.RoleController.updateRole(java.lang.String,java.lang.String,javax.servlet.http.HttpServletRequest)
2018-10-19 13:42:06.781  INFO 32160 --- [main] s.w.s.m.m.a.RequestMappingHandlerMapping : Mapped "{[/role/queryRole],methods=[GET]}" onto public java.lang.String cn.com.caogen.controller.RoleController.queryRole(java.lang.String,javax.servlet.http.HttpServletRequest)
2018-10-19 13:42:06.782  INFO 32160 --- [main] s.w.s.m.m.a.RequestMappingHandlerMapping : Mapped "{[/servicebranch/add]}" onto public java.lang.String cn.com.caogen.controller.ServiceBranchController.add(java.lang.String,javax.servlet.http.HttpServletRequest)
2018-10-19 13:42:06.782  INFO 32160 --- [main] s.w.s.m.m.a.RequestMappingHandlerMapping : Mapped "{[/servicebranch/update],methods=[POST]}" onto public java.lang.String cn.com.caogen.controller.ServiceBranchController.update(java.lang.String,javax.servlet.http.HttpServletRequest)
2018-10-19 13:42:06.782  INFO 32160 --- [main] s.w.s.m.m.a.RequestMappingHandlerMapping : Mapped "{[/servicebranch/delete]}" onto public java.lang.String cn.com.caogen.controller.ServiceBranchController.delete(int,javax.servlet.http.HttpServletRequest)
2018-10-19 13:42:06.783  INFO 32160 --- [main] s.w.s.m.m.a.RequestMappingHandlerMapping : Mapped "{[/servicebranch/queryAll]}" onto public java.lang.String cn.com.caogen.controller.ServiceBranchController.queryAll(javax.servlet.http.HttpServletRequest)
2018-10-19 13:42:06.783  INFO 32160 --- [main] s.w.s.m.m.a.RequestMappingHandlerMapping : Mapped "{[/servicebranch/queryById]}" onto public java.lang.String cn.com.caogen.controller.ServiceBranchController.queryById(int,javax.servlet.http.HttpServletRequest)
2018-10-19 13:42:06.784  INFO 32160 --- [main] s.w.s.m.m.a.RequestMappingHandlerMapping : Mapped "{[/task/dotask]}" onto public java.lang.String cn.com.caogen.controller.TaskController.doTask(int,javax.servlet.http.HttpServletRequest)
2018-10-19 13:42:06.784  INFO 32160 --- [main] s.w.s.m.m.a.RequestMappingHandlerMapping : Mapped "{[/task/queryAll]}" onto public java.lang.String cn.com.caogen.controller.TaskController.queryAll(javax.servlet.http.HttpServletRequest)
2018-10-19 13:42:06.784  INFO 32160 --- [main] s.w.s.m.m.a.RequestMappingHandlerMapping : Mapped "{[/task/queryDone]}" onto public java.lang.String cn.com.caogen.controller.TaskController.queryDone(javax.servlet.http.HttpServletRequest)
2018-10-19 13:42:06.784  INFO 32160 --- [main] s.w.s.m.m.a.RequestMappingHandlerMapping : Mapped "{[/task/marktask]}" onto public java.lang.String cn.com.caogen.controller.TaskController.markTask(int,javax.servlet.http.HttpServletRequest)
2018-10-19 13:42:06.785  INFO 32160 --- [main] s.w.s.m.m.a.RequestMappingHandlerMapping : Mapped "{[/task/queryUndo]}" onto public java.lang.String cn.com.caogen.controller.TaskController.queryUndo(javax.servlet.http.HttpServletRequest)
2018-10-19 13:42:06.785  INFO 32160 --- [main] s.w.s.m.m.a.RequestMappingHandlerMapping : Mapped "{[/task/queryMarkdo]}" onto public java.lang.String cn.com.caogen.controller.TaskController.queryMarkdo(javax.servlet.http.HttpServletRequest)
2018-10-19 13:42:06.785  INFO 32160 --- [main] s.w.s.m.m.a.RequestMappingHandlerMapping : Mapped "{[/user/queryAll],methods=[GET]}" onto public java.lang.String cn.com.caogen.controller.UserController.batchdelete(javax.servlet.http.HttpServletRequest)
2018-10-19 13:42:06.786  INFO 32160 --- [main] s.w.s.m.m.a.RequestMappingHandlerMapping : Mapped "{[/user/checkPhone],methods=[POST]}" onto public java.lang.String cn.com.caogen.controller.UserController.checkPhone(java.lang.String,javax.servlet.http.HttpServletRequest)
2018-10-19 13:42:06.786  INFO 32160 --- [main] s.w.s.m.m.a.RequestMappingHandlerMapping : Mapped "{[/user/giveVip],methods=[POST]}" onto public java.lang.String cn.com.caogen.controller.UserController.giveVip(java.lang.String,javax.servlet.http.HttpServletRequest)
2018-10-19 13:42:06.786  INFO 32160 --- [main] s.w.s.m.m.a.RequestMappingHandlerMapping : Mapped "{[/user/queryByphone],methods=[POST]}" onto public java.lang.String cn.com.caogen.controller.UserController.queryByphone(java.lang.String)
2018-10-19 13:42:06.786  INFO 32160 --- [main] s.w.s.m.m.a.RequestMappingHandlerMapping : Mapped "{[/user/resetpwd],methods=[POST]}" onto public java.lang.String cn.com.caogen.controller.UserController.resetpwd(java.lang.String,java.lang.String,javax.servlet.http.HttpServletRequest)
2018-10-19 13:42:06.787  INFO 32160 --- [main] s.w.s.m.m.a.RequestMappingHandlerMapping : Mapped "{[/userrole/add],methods=[POST]}" onto public java.lang.String cn.com.caogen.controller.UserRoleController.add(int,int,javax.servlet.http.HttpServletRequest)
2018-10-19 13:42:06.787  INFO 32160 --- [main] s.w.s.m.m.a.RequestMappingHandlerMapping : Mapped "{[/userrole/batchupdate],methods=[POST]}" onto public java.lang.String cn.com.caogen.controller.UserRoleController.batchupdate(int,java.lang.String,javax.servlet.http.HttpServletRequest)
2018-10-19 13:42:06.788  INFO 32160 --- [main] s.w.s.m.m.a.RequestMappingHandlerMapping : Mapped "{[/userrole/queryByUserid],methods=[POST]}" onto public java.lang.String cn.com.caogen.controller.UserRoleController.queryByRoleid(int,javax.servlet.http.HttpServletRequest)
2018-10-19 13:42:06.789  INFO 32160 --- [main] s.w.s.m.m.a.RequestMappingHandlerMapping : Mapped "{[/util/getContent],methods=[GET]}" onto public java.lang.String cn.com.caogen.controller.UtilController.getContent()
2018-10-19 13:42:06.789  INFO 32160 --- [main] s.w.s.m.m.a.RequestMappingHandlerMapping : Mapped "{[/util/getAndriodUrl],methods=[GET]}" onto public java.lang.String cn.com.caogen.controller.UtilController.getAndriodUrl()
2018-10-19 13:42:06.789  INFO 32160 --- [main] s.w.s.m.m.a.RequestMappingHandlerMapping : Mapped "{[/util/getIosUrl],methods=[GET]}" onto public java.lang.String cn.com.caogen.controller.UtilController.getIosUrl()
2018-10-19 13:42:06.789  INFO 32160 --- [main] s.w.s.m.m.a.RequestMappingHandlerMapping : Mapped "{[/util/upContent],methods=[POST]}" onto public java.lang.String cn.com.caogen.controller.UtilController.upContent(javax.servlet.http.HttpServletRequest,java.lang.String)
2018-10-19 13:42:06.790  INFO 32160 --- [main] s.w.s.m.m.a.RequestMappingHandlerMapping : Mapped "{[/util/upAndroidUrl],methods=[POST]}" onto public java.lang.String cn.com.caogen.controller.UtilController.upAndroidUrl(javax.servlet.http.HttpServletRequest,java.lang.String)
2018-10-19 13:42:06.790  INFO 32160 --- [main] s.w.s.m.m.a.RequestMappingHandlerMapping : Mapped "{[/util/upIosUrl],methods=[POST]}" onto public java.lang.String cn.com.caogen.controller.UtilController.upIosUrl(javax.servlet.http.HttpServletRequest,java.lang.String)
2018-10-19 13:42:06.791  INFO 32160 --- [main] s.w.s.m.m.a.RequestMappingHandlerMapping : Mapped "{[/warrantor/add],methods=[POST]}" onto public java.lang.String cn.com.caogen.controller.WarrantorController.add(java.lang.String,javax.servlet.http.HttpServletRequest)
2018-10-19 13:42:06.791  INFO 32160 --- [main] s.w.s.m.m.a.RequestMappingHandlerMapping : Mapped "{[/warrantor/update],methods=[POST]}" onto public java.lang.String cn.com.caogen.controller.WarrantorController.update(java.lang.String,javax.servlet.http.HttpServletRequest)
2018-10-19 13:42:06.791  INFO 32160 --- [main] s.w.s.m.m.a.RequestMappingHandlerMapping : Mapped "{[/warrantor/queryAll],methods=[GET]}" onto public java.lang.String cn.com.caogen.controller.WarrantorController.queryAll(javax.servlet.http.HttpServletRequest)
2018-10-19 13:42:06.791  INFO 32160 --- [main] s.w.s.m.m.a.RequestMappingHandlerMapping : Mapped "{[/warrantor/queryById],methods=[GET]}" onto public java.lang.String cn.com.caogen.controller.WarrantorController.queryById(int,javax.servlet.http.HttpServletRequest)
2018-10-19 13:42:06.791  INFO 32160 --- [main] s.w.s.m.m.a.RequestMappingHandlerMapping : Mapped "{[/warrantor/deleteById],methods=[GET]}" onto public java.lang.String cn.com.caogen.controller.WarrantorController.deleteById(int,javax.servlet.http.HttpServletRequest)
2018-10-19 13:42:06.794  INFO 32160 --- [main] s.w.s.m.m.a.RequestMappingHandlerMapping : Mapped "{[/error]}" onto public org.springframework.http.ResponseEntity<java.util.Map<java.lang.String, java.lang.Object>> org.springframework.boot.autoconfigure.web.servlet.error.BasicErrorController.error(javax.servlet.http.HttpServletRequest)
2018-10-19 13:42:06.795  INFO 32160 --- [main] s.w.s.m.m.a.RequestMappingHandlerMapping : Mapped "{[/error],produces=[text/html]}" onto public org.springframework.web.servlet.ModelAndView org.springframework.boot.autoconfigure.web.servlet.error.BasicErrorController.errorHtml(javax.servlet.http.HttpServletRequest,javax.servlet.http.HttpServletResponse)
2018-10-19 13:42:06.856  INFO 32160 --- [main] o.s.w.s.handler.SimpleUrlHandlerMapping  : Mapped URL path [/webjars/**] onto handler of type [class org.springframework.web.servlet.resource.ResourceHttpRequestHandler]
2018-10-19 13:42:06.856  INFO 32160 --- [main] o.s.w.s.handler.SimpleUrlHandlerMapping  : Mapped URL path [/**] onto handler of type [class org.springframework.web.servlet.resource.ResourceHttpRequestHandler]
2018-10-19 13:42:07.063  INFO 32160 --- [main] o.s.b.a.w.s.WelcomePageHandlerMapping    : Adding welcome page template: index
2018-10-19 13:42:07.961  INFO 32160 --- [main] s.a.ScheduledAnnotationBeanPostProcessor : No TaskScheduler/ScheduledExecutorService bean found for scheduled processing
2018-10-19 13:42:07.981  INFO 32160 --- [main] c.c.c.mmanager.MmanagerApplicationTests  : Started MmanagerApplicationTests in 5.426 seconds (JVM running for 6.771)
2018-10-19 13:42:08.436  INFO 32160 --- [main] com.zaxxer.hikari.HikariDataSource       : HikariPool-1 - Starting...
2018-10-19 13:42:09.402  INFO 32160 --- [main] com.zaxxer.hikari.HikariDataSource       : HikariPool-1 - Start completed.
2018-10-19 13:42:09.609  INFO 32160 --- [main] io.lettuce.core.EpollProvider            : Starting without optional epoll library
2018-10-19 13:42:09.611  INFO 32160 --- [main] io.lettuce.core.KqueueProvider           : Starting without optional kqueue library
2018-10-19 13:42:20.429  INFO 32160 --- [main] cn.com.caogen.controller.Starup          : exception
2018-10-19 13:42:20.439  INFO 32160 --- [main] cn.com.caogen.controller.Starup          : exception
2018-10-19 13:42:20.440  INFO 32160 --- [main] cn.com.caogen.controller.Starup          : now time:2018-10-19 13:42:20
2018-10-19 13:42:20.563  INFO 32160 --- [Thread-3] o.s.w.c.s.GenericWebApplicationContext   : Closing org.springframework.web.context.support.GenericWebApplicationContext@727eb8cb: startup date [Fri Oct 19 13:42:02 CST 2018]; root of context hierarchy
2018-10-19 13:42:20.573  INFO 32160 --- [Thread-3] com.zaxxer.hikari.HikariDataSource       : HikariPool-1 - Shutdown initiated...
2018-10-19 13:42:20.581  INFO 32160 --- [Thread-3] com.zaxxer.hikari.HikariDataSource       : HikariPool-1 - Shutdown completed.
